{"ts":1715433685156,"action":"PROJECT_OPENED","tags":{"PROJECT_NAME":"Reminder"}}
{"ts":1715433753513,"action":"IDE_DEACTIVATED"}
{"ts":1715433753517,"action":"IDE_ACTIVATED"}
{"ts":1715433753521,"action":"IDE_DEACTIVATED"}
{"ts":1715433753525,"action":"IDE_ACTIVATED"}
{"ts":1715433753534,"action":"IDE_DEACTIVATED"}
{"ts":1715433753542,"action":"IDE_ACTIVATED"}
{"ts":1715433753546,"action":"IDE_DEACTIVATED"}
{"ts":1715433753550,"action":"IDE_ACTIVATED"}
{"ts":1715433753556,"action":"IDE_DEACTIVATED"}
{"ts":1715433758480,"action":"FILE_OPENED","file":"/app/src/main/java/pl/poznan/put/student/reminder/MainActivity.kt","tags":{"FILE_LINE_OF_CODE":"58"}}
{"ts":1715433856212,"action":"IDE_ACTIVATED"}
{"ts":1715433865165,"action":"FILE_CLOSED","file":"/app/src/main/java/pl/poznan/put/student/reminder/MainActivity.kt","tags":{"FILE_LINE_OF_CODE":"58"}}
{"ts":1715433865165,"action":"FILE_OPENED","file":"/app/src/main/AndroidManifest.xml","tags":{"FILE_LINE_OF_CODE":"28"}}
{"ts":1715433866840,"action":"FILE_CLOSED","file":"/app/src/main/AndroidManifest.xml","tags":{"FILE_LINE_OF_CODE":"28"}}
{"ts":1715433866845,"action":"FILE_OPENED","file":"/app/src/main/java/pl/poznan/put/student/reminder/MainActivity.kt","tags":{"FILE_LINE_OF_CODE":"58"}}
{"ts":1715433870122,"action":"FILE_CLOSED","file":"/app/src/main/java/pl/poznan/put/student/reminder/MainActivity.kt","tags":{"FILE_LINE_OF_CODE":"58"}}
{"ts":1715433870123,"action":"FILE_OPENED","file":"/app/src/main/java/pl/poznan/put/student/reminder/SecondFragment.kt","tags":{"FILE_LINE_OF_CODE":"44"}}
{"ts":1715433876755,"action":"FILE_CLOSED","file":"/app/src/main/java/pl/poznan/put/student/reminder/SecondFragment.kt","tags":{"FILE_LINE_OF_CODE":"44"}}
{"ts":1715433876755,"action":"FILE_OPENED","file":"/app/src/main/java/pl/poznan/put/student/reminder/MainActivity.kt","tags":{"FILE_LINE_OF_CODE":"58"}}
{"ts":1715433892087,"action":"FILE_CLOSED","file":"/app/src/main/java/pl/poznan/put/student/reminder/MainActivity.kt","tags":{"FILE_LINE_OF_CODE":"58"}}
{"ts":1715433892087,"action":"FILE_OPENED","file":"/app/src/main/res/layout/activity_main.xml","tags":{"FILE_LINE_OF_CODE":"35"}}
{"ts":1715433905517,"action":"IDE_DEACTIVATED"}
{"ts":1715433932469,"action":"IDE_ACTIVATED"}
{"ts":1715433936251,"action":"IDE_DEACTIVATED"}
{"ts":1715433970630,"action":"IDE_ACTIVATED"}
{"ts":1715433970684,"action":"FILE_CLOSED","file":"/app/src/main/res/layout/activity_main.xml","tags":{"FILE_LINE_OF_CODE":"35"}}
{"ts":1715433974713,"action":"PROJECT_CLOSED","tags":{"PROJECT_NAME":"Reminder"}}
{"ts":1715434392117,"action":"IDE_DEACTIVATED"}
{"ts":1715434393200,"action":"PROJECT_OPENED","tags":{"PROJECT_NAME":"Reminder"}}
{"ts":1715434417276,"action":"IDE_ACTIVATED"}
{"ts":1715434419571,"action":"IDE_DEACTIVATED"}
{"ts":1715434419661,"action":"IDE_ACTIVATED"}
{"ts":1715434421756,"action":"IDE_DEACTIVATED"}
{"ts":1715434531533,"action":"IDE_ACTIVATED"}
{"ts":1715434534521,"action":"IDE_DEACTIVATED"}
{"ts":1715434602340,"action":"IDE_ACTIVATED"}
{"ts":1715434621922,"action":"FILE_OPENED","file":"/app/src/main/java/pl/poznan/put/student/reminder/MainActivity.kt","tags":{"FILE_LINE_OF_CODE":"58"}}
{"ts":1715434638553,"action":"FILE_CLOSED","file":"/app/src/main/java/pl/poznan/put/student/reminder/MainActivity.kt","tags":{"FILE_LINE_OF_CODE":"58"}}
{"ts":1715434638554,"action":"FILE_OPENED","file":"/app/src/main/res/layout/content_main.xml","tags":{"FILE_LINE_OF_CODE":"20"}}
{"ts":1715434646912,"action":"FILE_CLOSED","file":"/app/src/main/res/layout/content_main.xml","tags":{"FILE_LINE_OF_CODE":"20"}}
{"ts":1715434649503,"action":"FILE_OPENED","file":"/app/src/main/java/pl/poznan/put/student/reminder/SecondFragment.kt","tags":{"FILE_LINE_OF_CODE":"44"}}
{"ts":1715434652188,"action":"FILE_CLOSED","file":"/app/src/main/java/pl/poznan/put/student/reminder/SecondFragment.kt","tags":{"FILE_LINE_OF_CODE":"44"}}
{"ts":1715434652188,"action":"FILE_OPENED","file":"/app/src/main/java/pl/poznan/put/student/reminder/MainActivity.kt","tags":{"FILE_LINE_OF_CODE":"58"}}
{"ts":1715434655694,"action":"IDE_DEACTIVATED"}
{"ts":1715434655807,"action":"IDE_ACTIVATED"}
{"ts":1715434658115,"action":"IDE_DEACTIVATED"}
{"ts":1715434658208,"action":"IDE_ACTIVATED"}
{"ts":1715434669104,"action":"IDE_DEACTIVATED"}
{"ts":1715434669198,"action":"IDE_ACTIVATED"}
{"ts":1715434670602,"action":"IDE_DEACTIVATED"}
{"ts":1715434671155,"action":"IDE_ACTIVATED"}
{"ts":1715434673049,"action":"IDE_DEACTIVATED"}
{"ts":1715434673136,"action":"IDE_ACTIVATED"}
{"ts":1715434680076,"action":"IDE_DEACTIVATED"}
{"ts":1715434680193,"action":"IDE_ACTIVATED"}
{"ts":1715434681580,"action":"IDE_DEACTIVATED"}
{"ts":1715434681692,"action":"IDE_ACTIVATED"}
{"ts":1715434685458,"action":"IDE_DEACTIVATED"}
{"ts":1715434691355,"action":"IDE_ACTIVATED"}
{"ts":1715434692925,"action":"IDE_DEACTIVATED"}
{"ts":1715434693593,"action":"IDE_ACTIVATED"}
{"ts":1715434693696,"action":"IDE_DEACTIVATED"}
{"ts":1715434693947,"action":"IDE_ACTIVATED"}
{"ts":1715434694701,"action":"IDE_DEACTIVATED"}
{"ts":1715434695677,"action":"IDE_ACTIVATED"}
{"ts":1715434698232,"action":"FILE_CLOSED","file":"/app/src/main/java/pl/poznan/put/student/reminder/MainActivity.kt","tags":{"FILE_LINE_OF_CODE":"58"}}
{"ts":1715434698232,"action":"FILE_OPENED","file":"/app/src/main/java/pl/poznan/put/student/reminder/database/entity/ReminderEntity.kt","tags":{"FILE_LINE_OF_CODE":"4"}}
{"ts":1715434716738,"action":"IDE_DEACTIVATED"}
{"ts":1715434717900,"action":"IDE_ACTIVATED"}
{"ts":1715434735003,"action":"IDE_DEACTIVATED"}
{"ts":1715434735780,"action":"IDE_ACTIVATED"}
{"ts":1715434736220,"action":"IDE_DEACTIVATED"}
{"ts":1715434737750,"action":"IDE_ACTIVATED"}
{"ts":1715434741288,"action":"IDE_DEACTIVATED"}
{"ts":1715434741392,"action":"IDE_ACTIVATED"}
{"ts":1715434744415,"action":"IDE_DEACTIVATED"}
{"ts":1715434744521,"action":"IDE_ACTIVATED"}
{"ts":1715434745368,"action":"IDE_DEACTIVATED"}
{"ts":1715434745510,"action":"IDE_ACTIVATED"}
{"ts":1715434747380,"action":"IDE_DEACTIVATED"}
{"ts":1715434747479,"action":"IDE_ACTIVATED"}
{"ts":1715434752762,"action":"IDE_DEACTIVATED"}
{"ts":1715434752869,"action":"IDE_ACTIVATED"}
{"ts":1715434764736,"action":"IDE_DEACTIVATED"}
{"ts":1715434764836,"action":"IDE_ACTIVATED"}
{"ts":1715434765063,"action":"IDE_DEACTIVATED"}
{"ts":1715434765160,"action":"IDE_ACTIVATED"}
{"ts":1715434772580,"action":"IDE_DEACTIVATED"}
{"ts":1715434772681,"action":"IDE_ACTIVATED"}
{"ts":1715434773757,"action":"IDE_DEACTIVATED"}
{"ts":1715434773858,"action":"IDE_ACTIVATED"}
{"ts":1715434780807,"action":"IDE_DEACTIVATED"}
{"ts":1715434781309,"action":"IDE_ACTIVATED"}
{"ts":1715434787423,"action":"IDE_DEACTIVATED"}
{"ts":1715434787543,"action":"IDE_ACTIVATED"}
{"ts":1715434791357,"action":"IDE_DEACTIVATED"}
{"ts":1715434791457,"action":"IDE_ACTIVATED"}
{"ts":1715434793645,"action":"IDE_DEACTIVATED"}
{"ts":1715434793756,"action":"IDE_ACTIVATED"}
{"ts":1715434821149,"action":"IDE_DEACTIVATED"}
{"ts":1715434821255,"action":"IDE_ACTIVATED"}
{"ts":1715434829500,"action":"IDE_DEACTIVATED"}
{"ts":1715434829597,"action":"IDE_ACTIVATED"}
{"ts":1715434836720,"action":"IDE_DEACTIVATED"}
{"ts":1715434836820,"action":"IDE_ACTIVATED"}
{"ts":1715434837376,"action":"IDE_DEACTIVATED"}
{"ts":1715434837507,"action":"IDE_ACTIVATED"}
{"ts":1715434845651,"action":"IDE_DEACTIVATED"}
{"ts":1715434845749,"action":"IDE_ACTIVATED"}
{"ts":1715434846638,"action":"IDE_DEACTIVATED"}
{"ts":1715434846748,"action":"IDE_ACTIVATED"}
{"ts":1715434850912,"action":"FILE_CLOSED","file":"/app/src/main/java/pl/poznan/put/student/reminder/database/entity/ReminderEntity.kt","tags":{"FILE_LINE_OF_CODE":"12"}}
{"ts":1715434850912,"action":"FILE_OPENED","file":"/app/src/main/res/xml/data_extraction_rules.xml","tags":{"FILE_LINE_OF_CODE":"20"}}
{"ts":1715434851679,"action":"FILE_CLOSED","file":"/app/src/main/res/xml/data_extraction_rules.xml","tags":{"FILE_LINE_OF_CODE":"20"}}
{"ts":1715434851694,"action":"FILE_OPENED","file":"/app/build.gradle.kts","tags":{"FILE_LINE_OF_CODE":"51"}}
{"ts":1715434858368,"action":"FILE_CLOSED","file":"/app/build.gradle.kts","tags":{"FILE_LINE_OF_CODE":"51"}}
{"ts":1715434858368,"action":"FILE_OPENED","file":"/app/src/main/java/pl/poznan/put/student/reminder/database/entity/ReminderEntity.kt","tags":{"FILE_LINE_OF_CODE":"12"}}
{"ts":1715434860661,"action":"IDE_DEACTIVATED"}
{"ts":1715434860763,"action":"IDE_ACTIVATED"}
{"ts":1715434861673,"action":"IDE_DEACTIVATED"}
{"ts":1715434861783,"action":"IDE_ACTIVATED"}
{"ts":1715434868972,"action":"IDE_DEACTIVATED"}
{"ts":1715434869083,"action":"IDE_ACTIVATED"}
{"ts":1715434870508,"action":"IDE_DEACTIVATED"}
{"ts":1715434870639,"action":"IDE_ACTIVATED"}
{"ts":1715434871051,"action":"IDE_DEACTIVATED"}
{"ts":1715434871162,"action":"IDE_ACTIVATED"}
{"ts":1715434871755,"action":"IDE_DEACTIVATED"}
{"ts":1715434871855,"action":"IDE_ACTIVATED"}
{"ts":1715434872352,"action":"IDE_DEACTIVATED"}
{"ts":1715434872459,"action":"IDE_ACTIVATED"}
{"ts":1715434873367,"action":"IDE_DEACTIVATED"}
{"ts":1715434873479,"action":"IDE_ACTIVATED"}
{"ts":1715434876441,"action":"FILE_CLOSED","file":"/app/src/main/java/pl/poznan/put/student/reminder/database/entity/ReminderEntity.kt","tags":{"FILE_LINE_OF_CODE":"13"}}
{"ts":1715434876441,"action":"FILE_OPENED","file":"/app/src/main/java/pl/poznan/put/student/reminder/MainActivity.kt","tags":{"FILE_LINE_OF_CODE":"58"}}
{"ts":1715434877456,"action":"FILE_CLOSED","file":"/app/src/main/java/pl/poznan/put/student/reminder/MainActivity.kt","tags":{"FILE_LINE_OF_CODE":"58"}}
{"ts":1715434877456,"action":"FILE_OPENED","file":"/app/build.gradle.kts","tags":{"FILE_LINE_OF_CODE":"51"}}
{"ts":1715434880602,"action":"IDE_DEACTIVATED"}
{"ts":1715434880707,"action":"IDE_ACTIVATED"}
{"ts":1715434883310,"action":"IDE_DEACTIVATED"}
{"ts":1715434883387,"action":"IDE_ACTIVATED"}
{"ts":1715434884095,"action":"IDE_DEACTIVATED"}
{"ts":1715434884203,"action":"IDE_ACTIVATED"}
{"ts":1715434886100,"action":"IDE_DEACTIVATED"}
{"ts":1715434886207,"action":"IDE_ACTIVATED"}
{"ts":1715434887859,"action":"FILE_CLOSED","file":"/app/build.gradle.kts","tags":{"FILE_LINE_OF_CODE":"51"}}
{"ts":1715434887859,"action":"FILE_OPENED","file":"/app/src/main/java/pl/poznan/put/student/reminder/database/entity/ReminderEntity.kt","tags":{"FILE_LINE_OF_CODE":"13"}}
{"ts":1715434888110,"action":"IDE_DEACTIVATED"}
{"ts":1715434888232,"action":"IDE_ACTIVATED"}
{"ts":1715434907348,"action":"IDE_DEACTIVATED"}
{"ts":1715434907465,"action":"IDE_ACTIVATED"}
{"ts":1715434908209,"action":"FILE_CLOSED","file":"/app/src/main/java/pl/poznan/put/student/reminder/database/entity/ReminderEntity.kt","tags":{"FILE_LINE_OF_CODE":"13"}}
{"ts":1715434908209,"action":"FILE_OPENED","file":"/app/build.gradle.kts","tags":{"FILE_LINE_OF_CODE":"51"}}
{"ts":1715434909788,"action":"IDE_DEACTIVATED"}
{"ts":1715434909889,"action":"IDE_ACTIVATED"}
{"ts":1715434911921,"action":"IDE_DEACTIVATED"}
{"ts":1715434912038,"action":"IDE_ACTIVATED"}
{"ts":1715434929805,"action":"IDE_DEACTIVATED"}
{"ts":1715434931693,"action":"IDE_ACTIVATED"}
{"ts":1715434939757,"action":"IDE_DEACTIVATED"}
{"ts":1715434951335,"action":"IDE_ACTIVATED"}
{"ts":1715434957486,"action":"IDE_DEACTIVATED"}
{"ts":1715434965190,"action":"IDE_ACTIVATED"}
{"ts":1715434966303,"action":"IDE_DEACTIVATED"}
{"ts":1715434971580,"action":"IDE_ACTIVATED"}
{"ts":1715434975095,"action":"IDE_DEACTIVATED"}
{"ts":1715434975859,"action":"IDE_ACTIVATED"}
{"ts":1715434979791,"action":"IDE_DEACTIVATED"}
{"ts":1715434981544,"action":"IDE_ACTIVATED"}
{"ts":1715434985051,"action":"IDE_DEACTIVATED"}
{"ts":1715434985945,"action":"IDE_ACTIVATED"}
{"ts":1715435001642,"action":"IDE_DEACTIVATED"}
{"ts":1715435014081,"action":"IDE_ACTIVATED"}
{"ts":1715435033098,"action":"IDE_DEACTIVATED"}
{"ts":1715435035476,"action":"IDE_ACTIVATED"}
{"ts":1715435036275,"action":"IDE_DEACTIVATED"}
{"ts":1715435040865,"action":"IDE_ACTIVATED"}
{"ts":1715435048041,"action":"IDE_DEACTIVATED"}
{"ts":1715435050915,"action":"IDE_ACTIVATED"}
{"ts":1715435060669,"action":"IDE_DEACTIVATED"}
{"ts":1715435062010,"action":"IDE_ACTIVATED"}
{"ts":1715435062390,"action":"IDE_DEACTIVATED"}
{"ts":1715435072396,"action":"IDE_ACTIVATED"}
{"ts":1715435073248,"action":"IDE_DEACTIVATED"}
{"ts":1715435078187,"action":"IDE_ACTIVATED"}
{"ts":1715435086965,"action":"IDE_DEACTIVATED"}
{"ts":1715435090225,"action":"IDE_ACTIVATED"}
{"ts":1715435126063,"action":"IDE_DEACTIVATED"}
{"ts":1715435134264,"action":"IDE_ACTIVATED"}
{"ts":1715435137786,"action":"FILE_CLOSED","file":"/app/build.gradle.kts","tags":{"FILE_LINE_OF_CODE":"55"}}
{"ts":1715435137786,"action":"FILE_OPENED","file":"/build.gradle.kts","tags":{"FILE_LINE_OF_CODE":"5"}}
{"ts":1715435140334,"action":"IDE_DEACTIVATED"}
{"ts":1715435141465,"action":"IDE_ACTIVATED"}
{"ts":1715435147967,"action":"FILE_CLOSED","file":"/build.gradle.kts","tags":{"FILE_LINE_OF_CODE":"6"}}
{"ts":1715435147967,"action":"FILE_OPENED","file":"/app/build.gradle.kts","tags":{"FILE_LINE_OF_CODE":"55"}}
{"ts":1715435152990,"action":"FILE_CLOSED","file":"/app/build.gradle.kts","tags":{"FILE_LINE_OF_CODE":"55"}}
{"ts":1715435152990,"action":"FILE_OPENED","file":"/app/src/main/java/pl/poznan/put/student/reminder/database/entity/ReminderEntity.kt","tags":{"FILE_LINE_OF_CODE":"13"}}
{"ts":1715435153378,"action":"FILE_CLOSED","file":"/app/src/main/java/pl/poznan/put/student/reminder/database/entity/ReminderEntity.kt","tags":{"FILE_LINE_OF_CODE":"13"}}
{"ts":1715435153378,"action":"FILE_OPENED","file":"/app/src/main/java/pl/poznan/put/student/reminder/MainActivity.kt","tags":{"FILE_LINE_OF_CODE":"58"}}
{"ts":1715435154129,"action":"FILE_CLOSED","file":"/app/src/main/java/pl/poznan/put/student/reminder/MainActivity.kt","tags":{"FILE_LINE_OF_CODE":"58"}}
{"ts":1715435154129,"action":"FILE_OPENED","file":"/app/build.gradle.kts","tags":{"FILE_LINE_OF_CODE":"55"}}
{"ts":1715435155920,"action":"FILE_CLOSED","file":"/app/build.gradle.kts","tags":{"FILE_LINE_OF_CODE":"55"}}
{"ts":1715435155920,"action":"FILE_OPENED","file":"/build.gradle.kts","tags":{"FILE_LINE_OF_CODE":"6"}}
{"ts":1715435159370,"action":"IDE_DEACTIVATED"}
{"ts":1715435164655,"action":"IDE_ACTIVATED"}
{"ts":1715435195221,"action":"FILE_CLOSED","file":"/build.gradle.kts","tags":{"FILE_LINE_OF_CODE":"5"}}
{"ts":1715435195221,"action":"FILE_OPENED","file":"/app/build.gradle.kts","tags":{"FILE_LINE_OF_CODE":"55"}}
{"ts":1715435202333,"action":"FILE_CLOSED","file":"/app/build.gradle.kts","tags":{"FILE_LINE_OF_CODE":"55"}}
{"ts":1715435202333,"action":"FILE_OPENED","file":"/build.gradle.kts","tags":{"FILE_LINE_OF_CODE":"5"}}
{"ts":1715435219342,"action":"FILE_CLOSED","file":"/build.gradle.kts","tags":{"FILE_LINE_OF_CODE":"6"}}
{"ts":1715435219342,"action":"FILE_OPENED","file":"/app/build.gradle.kts","tags":{"FILE_LINE_OF_CODE":"55"}}
{"ts":1715435252421,"action":"PROJECT_CLOSED","tags":{"PROJECT_NAME":"Reminder"}}
{"ts":1715435269228,"action":"FILE_OPENED","file":"/app/build.gradle.kts","tags":{"FILE_LINE_OF_CODE":"55"}}
{"ts":1715435271528,"action":"PROJECT_OPENED","tags":{"PROJECT_NAME":"Reminder"}}
{"ts":1715435273517,"action":"IDE_DEACTIVATED"}
{"ts":1715435273648,"action":"IDE_ACTIVATED"}
{"ts":1715435274138,"action":"IDE_DEACTIVATED"}
{"ts":1715435294768,"action":"IDE_ACTIVATED"}
{"ts":1715435298292,"action":"IDE_DEACTIVATED"}
{"ts":1715435298406,"action":"IDE_ACTIVATED"}
{"ts":1715435301937,"action":"IDE_DEACTIVATED"}
{"ts":1715435301944,"action":"IDE_ACTIVATED"}
{"ts":1715435305415,"action":"PROJECT_CLOSED","tags":{"PROJECT_NAME":"Reminder"}}
{"ts":1715435312633,"action":"FILE_OPENED","file":"/app/build.gradle.kts","tags":{"FILE_LINE_OF_CODE":"55"}}
{"ts":1715435312600,"action":"PROJECT_OPENED","tags":{"PROJECT_NAME":"Reminder"}}
{"ts":1715435319472,"action":"IDE_DEACTIVATED"}
{"ts":1715435327908,"action":"IDE_ACTIVATED"}
{"ts":1715435334152,"action":"IDE_DEACTIVATED"}
{"ts":1715435369048,"action":"IDE_ACTIVATED"}
{"ts":1715435372207,"action":"IDE_DEACTIVATED"}
{"ts":1715435379418,"action":"IDE_ACTIVATED"}
{"ts":1715435381716,"action":"FILE_CLOSED","file":"/app/build.gradle.kts","tags":{"FILE_LINE_OF_CODE":"55"}}
{"ts":1715435381716,"action":"FILE_OPENED","file":"/app/src/main/java/pl/poznan/put/student/reminder/database/entity/ReminderEntity.kt","tags":{"FILE_LINE_OF_CODE":"13"}}
{"ts":1715435383515,"action":"FILE_CLOSED","file":"/app/src/main/java/pl/poznan/put/student/reminder/database/entity/ReminderEntity.kt","tags":{"FILE_LINE_OF_CODE":"13"}}
{"ts":1715435383515,"action":"FILE_OPENED","file":"/build.gradle.kts","tags":{"FILE_LINE_OF_CODE":"6"}}
{"ts":1715435384134,"action":"IDE_DEACTIVATED"}
{"ts":1715435385108,"action":"IDE_ACTIVATED"}
{"ts":1715435386429,"action":"IDE_DEACTIVATED"}
{"ts":1715435388899,"action":"IDE_ACTIVATED"}
{"ts":1715435392663,"action":"IDE_DEACTIVATED"}
{"ts":1715435393517,"action":"IDE_ACTIVATED"}
{"ts":1715435394367,"action":"IDE_DEACTIVATED"}
{"ts":1715435395189,"action":"IDE_ACTIVATED"}
{"ts":1715435407307,"action":"IDE_DEACTIVATED"}
{"ts":1715435429295,"action":"IDE_ACTIVATED"}
{"ts":1715435434858,"action":"IDE_DEACTIVATED"}
{"ts":1715435435543,"action":"IDE_ACTIVATED"}
{"ts":1715435447107,"action":"IDE_DEACTIVATED"}
{"ts":1715435449177,"action":"IDE_ACTIVATED"}
{"ts":1715435450649,"action":"IDE_DEACTIVATED"}
{"ts":1715435451340,"action":"IDE_ACTIVATED"}
{"ts":1715435455555,"action":"IDE_DEACTIVATED"}
{"ts":1715435481925,"action":"IDE_ACTIVATED"}
{"ts":1715435483016,"action":"IDE_DEACTIVATED"}
{"ts":1715435487436,"action":"IDE_ACTIVATED"}
{"ts":1715435488703,"action":"IDE_DEACTIVATED"}
{"ts":1715435490536,"action":"IDE_ACTIVATED"}
{"ts":1715435497193,"action":"IDE_DEACTIVATED"}
{"ts":1715435502086,"action":"IDE_ACTIVATED"}
{"ts":1715435504957,"action":"IDE_DEACTIVATED"}
{"ts":1715435506182,"action":"IDE_ACTIVATED"}
{"ts":1715435507741,"action":"IDE_DEACTIVATED"}
{"ts":1715435508465,"action":"IDE_ACTIVATED"}
{"ts":1715435508891,"action":"IDE_DEACTIVATED"}
{"ts":1715435509448,"action":"IDE_ACTIVATED"}
{"ts":1715435512051,"action":"IDE_DEACTIVATED"}
{"ts":1715435512789,"action":"IDE_ACTIVATED"}
{"ts":1715435517382,"action":"IDE_DEACTIVATED"}
{"ts":1715435536374,"action":"IDE_ACTIVATED"}
{"ts":1715435539065,"action":"FILE_CLOSED","file":"/build.gradle.kts","tags":{"FILE_LINE_OF_CODE":"6"}}
{"ts":1715435539065,"action":"FILE_OPENED","file":"/app/build.gradle.kts","tags":{"FILE_LINE_OF_CODE":"55"}}
{"ts":1715435569844,"action":"FILE_CLOSED","file":"/app/build.gradle.kts","tags":{"FILE_LINE_OF_CODE":"54"}}
{"ts":1715435569844,"action":"FILE_OPENED","file":"/app/src/main/java/pl/poznan/put/student/reminder/database/entity/ReminderEntity.kt","tags":{"FILE_LINE_OF_CODE":"13"}}
{"ts":1715435584782,"action":"IDE_DEACTIVATED"}
{"ts":1715435585602,"action":"IDE_ACTIVATED"}
{"ts":1715435585760,"action":"IDE_DEACTIVATED"}
{"ts":1715435586141,"action":"IDE_ACTIVATED"}
{"ts":1715435594826,"action":"IDE_DEACTIVATED"}
{"ts":1715435599572,"action":"IDE_ACTIVATED"}
{"ts":1715435601755,"action":"IDE_DEACTIVATED"}
{"ts":1715435602851,"action":"IDE_ACTIVATED"}
{"ts":1715435608782,"action":"IDE_DEACTIVATED"}
{"ts":1715435609023,"action":"IDE_ACTIVATED"}
{"ts":1715435613815,"action":"IDE_DEACTIVATED"}
{"ts":1715435613878,"action":"IDE_ACTIVATED"}
{"ts":1715435621115,"action":"FILE_CLOSED","file":"/app/src/main/java/pl/poznan/put/student/reminder/database/entity/ReminderEntity.kt","tags":{"FILE_LINE_OF_CODE":"13"}}
{"ts":1715435621115,"action":"FILE_OPENED","file":"/app/src/main/java/pl/poznan/put/student/reminder/database/AppDatabase.kt","tags":{"FILE_LINE_OF_CODE":"4"}}
{"ts":1715435663729,"action":"IDE_DEACTIVATED"}
{"ts":1715435663822,"action":"IDE_ACTIVATED"}
{"ts":1715435664310,"action":"IDE_DEACTIVATED"}
{"ts":1715435668329,"action":"IDE_ACTIVATED"}
{"ts":1715435671578,"action":"IDE_DEACTIVATED"}
{"ts":1715435679611,"action":"IDE_ACTIVATED"}
{"ts":1715435679922,"action":"IDE_DEACTIVATED"}
{"ts":1715435681986,"action":"IDE_ACTIVATED"}
{"ts":1715435684431,"action":"IDE_DEACTIVATED"}
{"ts":1715435685406,"action":"IDE_ACTIVATED"}
{"ts":1715435689567,"action":"IDE_DEACTIVATED"}
{"ts":1715435689653,"action":"IDE_ACTIVATED"}
{"ts":1715435690550,"action":"IDE_DEACTIVATED"}
{"ts":1715435690631,"action":"IDE_ACTIVATED"}
{"ts":1715435709136,"action":"FILE_CLOSED","file":"/app/src/main/java/pl/poznan/put/student/reminder/database/AppDatabase.kt","tags":{"FILE_LINE_OF_CODE":"10"}}
{"ts":1715435709136,"action":"FILE_OPENED","file":"/app/src/main/java/pl/poznan/put/student/reminder/database/DatabaseModule.kt","tags":{"FILE_LINE_OF_CODE":"4"}}
{"ts":1715435711819,"action":"IDE_DEACTIVATED"}
{"ts":1715435711914,"action":"IDE_ACTIVATED"}
{"ts":1715435716614,"action":"IDE_DEACTIVATED"}
{"ts":1715435716732,"action":"IDE_ACTIVATED"}
{"ts":1715435730016,"action":"IDE_DEACTIVATED"}
{"ts":1715435730129,"action":"IDE_ACTIVATED"}
{"ts":1715435731891,"action":"IDE_DEACTIVATED"}
{"ts":1715435731993,"action":"IDE_ACTIVATED"}
{"ts":1715435747824,"action":"IDE_DEACTIVATED"}
{"ts":1715435747920,"action":"IDE_ACTIVATED"}
{"ts":1715435750397,"action":"IDE_DEACTIVATED"}
{"ts":1715435750548,"action":"IDE_ACTIVATED"}
{"ts":1715435768797,"action":"IDE_DEACTIVATED"}
{"ts":1715435768892,"action":"IDE_ACTIVATED"}
{"ts":1715435771430,"action":"IDE_DEACTIVATED"}
{"ts":1715435771537,"action":"IDE_ACTIVATED"}
{"ts":1715435774248,"action":"IDE_DEACTIVATED"}
{"ts":1715435774340,"action":"IDE_ACTIVATED"}
{"ts":1715435788072,"action":"IDE_DEACTIVATED"}
{"ts":1715435788166,"action":"IDE_ACTIVATED"}
{"ts":1715435788909,"action":"IDE_DEACTIVATED"}
{"ts":1715435788991,"action":"IDE_ACTIVATED"}
{"ts":1715435790386,"action":"FILE_CLOSED","file":"/app/src/main/java/pl/poznan/put/student/reminder/database/DatabaseModule.kt","tags":{"FILE_LINE_OF_CODE":"22"}}
{"ts":1715435790386,"action":"FILE_OPENED","file":"/app/build.gradle.kts","tags":{"FILE_LINE_OF_CODE":"54"}}
{"ts":1715435801643,"action":"FILE_CLOSED","file":"/app/build.gradle.kts","tags":{"FILE_LINE_OF_CODE":"57"}}
{"ts":1715435801643,"action":"FILE_OPENED","file":"/app/src/main/java/pl/poznan/put/student/reminder/database/DatabaseModule.kt","tags":{"FILE_LINE_OF_CODE":"22"}}
{"ts":1715435801877,"action":"IDE_DEACTIVATED"}
{"ts":1715435802006,"action":"IDE_ACTIVATED"}
{"ts":1715435802583,"action":"IDE_DEACTIVATED"}
{"ts":1715435816012,"action":"IDE_ACTIVATED"}
{"ts":1715435817316,"action":"IDE_DEACTIVATED"}
{"ts":1715435818535,"action":"IDE_ACTIVATED"}
{"ts":1715435838101,"action":"IDE_DEACTIVATED"}
{"ts":1715435839005,"action":"IDE_ACTIVATED"}
{"ts":1715435843477,"action":"IDE_DEACTIVATED"}
{"ts":1715435844239,"action":"IDE_ACTIVATED"}
{"ts":1715435844934,"action":"IDE_DEACTIVATED"}
{"ts":1715435844999,"action":"IDE_ACTIVATED"}
{"ts":1715435845785,"action":"IDE_DEACTIVATED"}
{"ts":1715435845866,"action":"IDE_ACTIVATED"}
{"ts":1715435853764,"action":"FILE_CLOSED","file":"/app/src/main/java/pl/poznan/put/student/reminder/database/DatabaseModule.kt","tags":{"FILE_LINE_OF_CODE":"28"}}
{"ts":1715435853764,"action":"FILE_OPENED","file":"/app/src/main/java/pl/poznan/put/student/reminder/database/ReminderDao.kt","tags":{"FILE_LINE_OF_CODE":"6"}}
{"ts":1715435855050,"action":"IDE_DEACTIVATED"}
{"ts":1715435855153,"action":"IDE_ACTIVATED"}
{"ts":1715435857689,"action":"IDE_DEACTIVATED"}
{"ts":1715435857804,"action":"IDE_ACTIVATED"}
{"ts":1715435863524,"action":"IDE_DEACTIVATED"}
{"ts":1715435863529,"action":"IDE_ACTIVATED"}
{"ts":1715435864336,"action":"IDE_DEACTIVATED"}
{"ts":1715435864430,"action":"IDE_ACTIVATED"}
{"ts":1715435868525,"action":"IDE_DEACTIVATED"}
{"ts":1715435868624,"action":"IDE_ACTIVATED"}
{"ts":1715435869800,"action":"IDE_DEACTIVATED"}
{"ts":1715435869902,"action":"IDE_ACTIVATED"}
{"ts":1715435877502,"action":"IDE_DEACTIVATED"}
{"ts":1715435877610,"action":"IDE_ACTIVATED"}
{"ts":1715435881610,"action":"IDE_DEACTIVATED"}
{"ts":1715435881709,"action":"IDE_ACTIVATED"}
{"ts":1715435882859,"action":"IDE_DEACTIVATED"}
{"ts":1715435882967,"action":"IDE_ACTIVATED"}
{"ts":1715435883614,"action":"IDE_DEACTIVATED"}
{"ts":1715435883725,"action":"IDE_ACTIVATED"}
{"ts":1715435889815,"action":"IDE_DEACTIVATED"}
{"ts":1715435889909,"action":"IDE_ACTIVATED"}
{"ts":1715435893642,"action":"IDE_DEACTIVATED"}
{"ts":1715435893729,"action":"IDE_ACTIVATED"}
{"ts":1715435909870,"action":"IDE_DEACTIVATED"}
{"ts":1715435909966,"action":"IDE_ACTIVATED"}
{"ts":1715435910975,"action":"IDE_DEACTIVATED"}
{"ts":1715435911099,"action":"IDE_ACTIVATED"}
{"ts":1715435913055,"action":"IDE_DEACTIVATED"}
{"ts":1715435913135,"action":"IDE_ACTIVATED"}
{"ts":1715435914953,"action":"IDE_DEACTIVATED"}
{"ts":1715435915068,"action":"IDE_ACTIVATED"}
{"ts":1715435919562,"action":"IDE_DEACTIVATED"}
{"ts":1715435919665,"action":"IDE_ACTIVATED"}
{"ts":1715435919874,"action":"IDE_DEACTIVATED"}
{"ts":1715435919989,"action":"IDE_ACTIVATED"}
{"ts":1715435923610,"action":"IDE_DEACTIVATED"}
{"ts":1715435923705,"action":"IDE_ACTIVATED"}
{"ts":1715435925103,"action":"IDE_DEACTIVATED"}
{"ts":1715435925199,"action":"IDE_ACTIVATED"}
{"ts":1715435930201,"action":"IDE_DEACTIVATED"}
{"ts":1715435930292,"action":"IDE_ACTIVATED"}
{"ts":1715435931927,"action":"IDE_DEACTIVATED"}
{"ts":1715435932025,"action":"IDE_ACTIVATED"}
{"ts":1715435935210,"action":"IDE_DEACTIVATED"}
{"ts":1715435935308,"action":"IDE_ACTIVATED"}
{"ts":1715435937282,"action":"IDE_DEACTIVATED"}
{"ts":1715435937402,"action":"IDE_ACTIVATED"}
{"ts":1715435938337,"action":"IDE_DEACTIVATED"}
{"ts":1715435938448,"action":"IDE_ACTIVATED"}
{"ts":1715435938873,"action":"IDE_DEACTIVATED"}
{"ts":1715435938975,"action":"IDE_ACTIVATED"}
{"ts":1715435942377,"action":"IDE_DEACTIVATED"}
{"ts":1715435942471,"action":"IDE_ACTIVATED"}
{"ts":1715435943348,"action":"IDE_DEACTIVATED"}
{"ts":1715435943444,"action":"IDE_ACTIVATED"}
{"ts":1715435946008,"action":"IDE_DEACTIVATED"}
{"ts":1715435946100,"action":"IDE_ACTIVATED"}
{"ts":1715435946708,"action":"IDE_DEACTIVATED"}
{"ts":1715435946840,"action":"IDE_ACTIVATED"}
{"ts":1715435948176,"action":"IDE_DEACTIVATED"}
{"ts":1715435948296,"action":"IDE_ACTIVATED"}
{"ts":1715435952284,"action":"IDE_DEACTIVATED"}
{"ts":1715435952384,"action":"IDE_ACTIVATED"}
{"ts":1715435958508,"action":"IDE_DEACTIVATED"}
{"ts":1715435958624,"action":"IDE_ACTIVATED"}
{"ts":1715435964837,"action":"IDE_DEACTIVATED"}
{"ts":1715435964948,"action":"IDE_ACTIVATED"}
{"ts":1715435971852,"action":"IDE_DEACTIVATED"}
{"ts":1715435986700,"action":"IDE_ACTIVATED"}
{"ts":1715436001183,"action":"IDE_DEACTIVATED"}
{"ts":1715436003222,"action":"IDE_ACTIVATED"}
{"ts":1715436008989,"action":"IDE_DEACTIVATED"}
{"ts":1715436010910,"action":"IDE_ACTIVATED"}
{"ts":1715436014852,"action":"IDE_DEACTIVATED"}
{"ts":1715436017916,"action":"IDE_ACTIVATED"}
{"ts":1715436033076,"action":"IDE_DEACTIVATED"}
{"ts":1715436035281,"action":"IDE_ACTIVATED"}
{"ts":1715436036560,"action":"IDE_DEACTIVATED"}
{"ts":1715436036699,"action":"IDE_ACTIVATED"}
{"ts":1715436040462,"action":"IDE_DEACTIVATED"}
{"ts":1715436040556,"action":"IDE_ACTIVATED"}
{"ts":1715436041523,"action":"IDE_DEACTIVATED"}
{"ts":1715436041619,"action":"IDE_ACTIVATED"}
{"ts":1715436043398,"action":"IDE_DEACTIVATED"}
{"ts":1715436043487,"action":"IDE_ACTIVATED"}
{"ts":1715436051858,"action":"IDE_DEACTIVATED"}
{"ts":1715436051947,"action":"IDE_ACTIVATED"}
{"ts":1715436054312,"action":"IDE_DEACTIVATED"}
{"ts":1715436055038,"action":"IDE_ACTIVATED"}
{"ts":1715436056028,"action":"IDE_DEACTIVATED"}
{"ts":1715436056117,"action":"IDE_ACTIVATED"}
{"ts":1715436065329,"action":"FILE_CLOSED","file":"/app/src/main/java/pl/poznan/put/student/reminder/database/ReminderDao.kt","tags":{"FILE_LINE_OF_CODE":"28"}}
{"ts":1715436065329,"action":"FILE_OPENED","file":"/app/src/main/java/pl/poznan/put/student/reminder/repository/ReminderRepository.kt","tags":{"FILE_LINE_OF_CODE":"4"}}
{"ts":1715436066733,"action":"IDE_DEACTIVATED"}
{"ts":1715436066836,"action":"IDE_ACTIVATED"}
{"ts":1715436067350,"action":"IDE_DEACTIVATED"}
{"ts":1715436067469,"action":"IDE_ACTIVATED"}
{"ts":1715436068670,"action":"IDE_DEACTIVATED"}
{"ts":1715436068756,"action":"IDE_ACTIVATED"}
{"ts":1715436071208,"action":"IDE_DEACTIVATED"}
{"ts":1715436071321,"action":"IDE_ACTIVATED"}
{"ts":1715436075705,"action":"IDE_DEACTIVATED"}
{"ts":1715436075798,"action":"IDE_ACTIVATED"}
{"ts":1715436076392,"action":"IDE_DEACTIVATED"}
{"ts":1715436076493,"action":"IDE_ACTIVATED"}
{"ts":1715436078906,"action":"IDE_DEACTIVATED"}
{"ts":1715436078999,"action":"IDE_ACTIVATED"}
{"ts":1715436080127,"action":"IDE_DEACTIVATED"}
{"ts":1715436080225,"action":"IDE_ACTIVATED"}
{"ts":1715436082841,"action":"IDE_DEACTIVATED"}
{"ts":1715436082932,"action":"IDE_ACTIVATED"}
{"ts":1715436083829,"action":"IDE_DEACTIVATED"}
{"ts":1715436083927,"action":"IDE_ACTIVATED"}
{"ts":1715436087640,"action":"IDE_DEACTIVATED"}
{"ts":1715436087740,"action":"IDE_ACTIVATED"}
{"ts":1715436088113,"action":"IDE_DEACTIVATED"}
{"ts":1715436094263,"action":"IDE_ACTIVATED"}
{"ts":1715436094957,"action":"IDE_DEACTIVATED"}
{"ts":1715436095959,"action":"IDE_ACTIVATED"}
{"ts":1715436096366,"action":"IDE_DEACTIVATED"}
{"ts":1715436098186,"action":"IDE_ACTIVATED"}
{"ts":1715436101839,"action":"IDE_DEACTIVATED"}
{"ts":1715436102685,"action":"IDE_ACTIVATED"}
{"ts":1715436107534,"action":"IDE_DEACTIVATED"}
{"ts":1715436110179,"action":"IDE_ACTIVATED"}
{"ts":1715436113941,"action":"IDE_DEACTIVATED"}
{"ts":1715436114634,"action":"IDE_ACTIVATED"}
{"ts":1715436114820,"action":"IDE_DEACTIVATED"}
{"ts":1715436115063,"action":"IDE_ACTIVATED"}
{"ts":1715436115945,"action":"IDE_DEACTIVATED"}
{"ts":1715436116061,"action":"IDE_ACTIVATED"}
{"ts":1715436124326,"action":"IDE_DEACTIVATED"}
{"ts":1715436124423,"action":"IDE_ACTIVATED"}
{"ts":1715436125199,"action":"IDE_DEACTIVATED"}
{"ts":1715436125310,"action":"IDE_ACTIVATED"}
{"ts":1715436137562,"action":"IDE_DEACTIVATED"}
{"ts":1715436137664,"action":"IDE_ACTIVATED"}
{"ts":1715436138177,"action":"IDE_DEACTIVATED"}
{"ts":1715436141057,"action":"IDE_ACTIVATED"}
{"ts":1715436142706,"action":"IDE_DEACTIVATED"}
{"ts":1715436143192,"action":"IDE_ACTIVATED"}
{"ts":1715436149720,"action":"FILE_CLOSED","file":"/app/src/main/java/pl/poznan/put/student/reminder/repository/ReminderRepository.kt","tags":{"FILE_LINE_OF_CODE":"11"}}
{"ts":1715436149720,"action":"FILE_OPENED","file":"/app/src/main/java/pl/poznan/put/student/reminder/repository/ThreadsModule.kt","tags":{"FILE_LINE_OF_CODE":"4"}}
{"ts":1715436155683,"action":"IDE_DEACTIVATED"}
{"ts":1715436155790,"action":"IDE_ACTIVATED"}
{"ts":1715436156293,"action":"IDE_DEACTIVATED"}
{"ts":1715436194950,"action":"IDE_ACTIVATED"}
{"ts":1715436195613,"action":"IDE_DEACTIVATED"}
{"ts":1715436196603,"action":"IDE_ACTIVATED"}
{"ts":1715436198069,"action":"IDE_DEACTIVATED"}
{"ts":1715436198459,"action":"IDE_ACTIVATED"}
{"ts":1715436199368,"action":"IDE_DEACTIVATED"}
{"ts":1715436199498,"action":"IDE_ACTIVATED"}
{"ts":1715436199958,"action":"IDE_DEACTIVATED"}
{"ts":1715436203811,"action":"IDE_ACTIVATED"}
{"ts":1715436204676,"action":"IDE_DEACTIVATED"}
{"ts":1715436205589,"action":"IDE_ACTIVATED"}
{"ts":1715436207279,"action":"IDE_DEACTIVATED"}
{"ts":1715436207533,"action":"IDE_ACTIVATED"}
{"ts":1715436218604,"action":"IDE_DEACTIVATED"}
{"ts":1715436219623,"action":"IDE_ACTIVATED"}
{"ts":1715436223551,"action":"IDE_DEACTIVATED"}
{"ts":1715436223652,"action":"IDE_ACTIVATED"}
{"ts":1715436224375,"action":"IDE_DEACTIVATED"}
{"ts":1715436224479,"action":"IDE_ACTIVATED"}
{"ts":1715436231904,"action":"FILE_CLOSED","file":"/app/src/main/java/pl/poznan/put/student/reminder/repository/ThreadsModule.kt","tags":{"FILE_LINE_OF_CODE":"21"}}
{"ts":1715436231904,"action":"FILE_OPENED","file":"/app/src/main/java/pl/poznan/put/student/reminder/list/ReminderDto.kt","tags":{"FILE_LINE_OF_CODE":"4"}}
{"ts":1715436233346,"action":"IDE_DEACTIVATED"}
{"ts":1715436233445,"action":"IDE_ACTIVATED"}
{"ts":1715436237133,"action":"IDE_DEACTIVATED"}
{"ts":1715436237248,"action":"IDE_ACTIVATED"}
{"ts":1715436244858,"action":"FILE_CLOSED","file":"/app/src/main/java/pl/poznan/put/student/reminder/list/ReminderDto.kt","tags":{"FILE_LINE_OF_CODE":"9"}}
{"ts":1715436244858,"action":"FILE_OPENED","file":"/app/src/main/java/pl/poznan/put/student/reminder/database/entity/ReminderEntity.kt","tags":{"FILE_LINE_OF_CODE":"13"}}
{"ts":1715436261057,"action":"IDE_DEACTIVATED"}
{"ts":1715436329992,"action":"IDE_ACTIVATED"}
{"ts":1715436332008,"action":"IDE_DEACTIVATED"}
{"ts":1715436341090,"action":"IDE_ACTIVATED"}
{"ts":1715436349248,"action":"IDE_DEACTIVATED"}
{"ts":1715436362944,"action":"IDE_ACTIVATED"}
{"ts":1715436363958,"action":"IDE_DEACTIVATED"}
{"ts":1715436368839,"action":"IDE_ACTIVATED"}
{"ts":1715436368963,"action":"IDE_DEACTIVATED"}
{"ts":1715436405749,"action":"IDE_ACTIVATED"}
{"ts":1715436418339,"action":"FILE_CLOSED","file":"/app/src/main/java/pl/poznan/put/student/reminder/database/entity/ReminderEntity.kt","tags":{"FILE_LINE_OF_CODE":"14"}}
{"ts":1715436427440,"action":"FILE_OPENED","file":"/app/src/main/java/pl/poznan/put/student/reminder/database/entity/ReminderEntity.kt","tags":{"FILE_LINE_OF_CODE":"14"}}
{"ts":1715436433717,"action":"IDE_DEACTIVATED"}
{"ts":1715436550899,"action":"IDE_ACTIVATED"}
{"ts":1715436552123,"action":"IDE_DEACTIVATED"}
{"ts":1715436552225,"action":"IDE_ACTIVATED"}
{"ts":1715436562741,"action":"IDE_DEACTIVATED"}
{"ts":1715436648724,"action":"IDE_ACTIVATED"}
{"ts":1715436655907,"action":"IDE_DEACTIVATED"}
{"ts":1715436660934,"action":"IDE_ACTIVATED"}
{"ts":1715436662501,"action":"IDE_DEACTIVATED"}
{"ts":1715436781385,"action":"IDE_ACTIVATED"}
{"ts":1715436786817,"action":"IDE_DEACTIVATED"}
{"ts":1715436807881,"action":"IDE_ACTIVATED"}
{"ts":1715436810490,"action":"IDE_DEACTIVATED"}
{"ts":1715436823383,"action":"IDE_ACTIVATED"}
{"ts":1715436824099,"action":"IDE_DEACTIVATED"}
{"ts":1715436830109,"action":"IDE_ACTIVATED"}
{"ts":1715436833493,"action":"FILE_CLOSED","file":"/app/src/main/java/pl/poznan/put/student/reminder/database/entity/ReminderEntity.kt","tags":{"FILE_LINE_OF_CODE":"13"}}
{"ts":1715436833493,"action":"FILE_OPENED","file":"/app/src/main/java/pl/poznan/put/student/reminder/database/AppDatabase.kt","tags":{"FILE_LINE_OF_CODE":"10"}}
{"ts":1715436835879,"action":"FILE_CLOSED","file":"/app/src/main/java/pl/poznan/put/student/reminder/database/AppDatabase.kt","tags":{"FILE_LINE_OF_CODE":"10"}}
{"ts":1715436835879,"action":"FILE_OPENED","file":"/app/src/main/java/pl/poznan/put/student/reminder/database/DatabaseModule.kt","tags":{"FILE_LINE_OF_CODE":"28"}}
{"ts":1715436839067,"action":"FILE_CLOSED","file":"/app/src/main/java/pl/poznan/put/student/reminder/database/DatabaseModule.kt","tags":{"FILE_LINE_OF_CODE":"28"}}
{"ts":1715436839067,"action":"FILE_OPENED","file":"/app/src/main/java/pl/poznan/put/student/reminder/database/ReminderDao.kt","tags":{"FILE_LINE_OF_CODE":"28"}}
{"ts":1715436839652,"action":"FILE_CLOSED","file":"/app/src/main/java/pl/poznan/put/student/reminder/database/ReminderDao.kt","tags":{"FILE_LINE_OF_CODE":"28"}}
{"ts":1715436839652,"action":"FILE_OPENED","file":"/app/src/main/java/pl/poznan/put/student/reminder/repository/ReminderRepository.kt","tags":{"FILE_LINE_OF_CODE":"11"}}
{"ts":1715436843179,"action":"FILE_CLOSED","file":"/app/src/main/java/pl/poznan/put/student/reminder/repository/ReminderRepository.kt","tags":{"FILE_LINE_OF_CODE":"11"}}
{"ts":1715436843183,"action":"FILE_OPENED","file":"/app/src/main/java/pl/poznan/put/student/reminder/database/ReminderDao.kt","tags":{"FILE_LINE_OF_CODE":"28"}}
{"ts":1715436844263,"action":"FILE_CLOSED","file":"/app/src/main/java/pl/poznan/put/student/reminder/database/ReminderDao.kt","tags":{"FILE_LINE_OF_CODE":"28"}}
{"ts":1715436844263,"action":"FILE_OPENED","file":"/app/src/main/java/pl/poznan/put/student/reminder/list/ReminderDto.kt","tags":{"FILE_LINE_OF_CODE":"9"}}
{"ts":1715436844466,"action":"IDE_DEACTIVATED"}
{"ts":1715437040090,"action":"IDE_ACTIVATED"}
{"ts":1715437041641,"action":"IDE_DEACTIVATED"}
{"ts":1715437041743,"action":"IDE_ACTIVATED"}
{"ts":1715437047415,"action":"IDE_DEACTIVATED"}
{"ts":1715437047538,"action":"IDE_ACTIVATED"}
{"ts":1715437049089,"action":"IDE_DEACTIVATED"}
{"ts":1715437049182,"action":"IDE_ACTIVATED"}
{"ts":1715437049650,"action":"IDE_DEACTIVATED"}
{"ts":1715437049755,"action":"IDE_ACTIVATED"}
{"ts":1715437050643,"action":"IDE_DEACTIVATED"}
{"ts":1715437050739,"action":"IDE_ACTIVATED"}
{"ts":1715437052280,"action":"IDE_DEACTIVATED"}
{"ts":1715437052375,"action":"IDE_ACTIVATED"}
{"ts":1715437054068,"action":"IDE_DEACTIVATED"}
{"ts":1715437054175,"action":"IDE_ACTIVATED"}
{"ts":1715437060290,"action":"IDE_DEACTIVATED"}
{"ts":1715437060392,"action":"IDE_ACTIVATED"}
{"ts":1715437061346,"action":"IDE_DEACTIVATED"}
{"ts":1715437061445,"action":"IDE_ACTIVATED"}
{"ts":1715437064427,"action":"IDE_DEACTIVATED"}
{"ts":1715437064534,"action":"IDE_ACTIVATED"}
{"ts":1715437064866,"action":"IDE_DEACTIVATED"}
{"ts":1715437069677,"action":"IDE_ACTIVATED"}
{"ts":1715437070438,"action":"IDE_DEACTIVATED"}
{"ts":1715437070751,"action":"IDE_ACTIVATED"}
{"ts":1715437079912,"action":"IDE_DEACTIVATED"}
{"ts":1715437080013,"action":"IDE_ACTIVATED"}
{"ts":1715437080599,"action":"IDE_DEACTIVATED"}
{"ts":1715437086981,"action":"IDE_ACTIVATED"}
{"ts":1715437088282,"action":"IDE_DEACTIVATED"}
{"ts":1715437088913,"action":"IDE_ACTIVATED"}
{"ts":1715437090416,"action":"IDE_DEACTIVATED"}
{"ts":1715437115074,"action":"IDE_ACTIVATED"}
{"ts":1715437116028,"action":"IDE_DEACTIVATED"}
{"ts":1715437116152,"action":"IDE_ACTIVATED"}
{"ts":1715437120388,"action":"IDE_DEACTIVATED"}
{"ts":1715437120501,"action":"IDE_ACTIVATED"}
{"ts":1715437120979,"action":"IDE_DEACTIVATED"}
{"ts":1715437121118,"action":"IDE_ACTIVATED"}
{"ts":1715437125758,"action":"IDE_DEACTIVATED"}
{"ts":1715437129326,"action":"IDE_ACTIVATED"}
{"ts":1715437131707,"action":"IDE_DEACTIVATED"}
{"ts":1715437139748,"action":"IDE_ACTIVATED"}
{"ts":1715437140888,"action":"FILE_CLOSED","file":"/app/src/main/java/pl/poznan/put/student/reminder/list/ReminderDto.kt","tags":{"FILE_LINE_OF_CODE":"8"}}
{"ts":1715437140888,"action":"FILE_OPENED","file":"/app/src/main/java/pl/poznan/put/student/reminder/repository/ThreadsModule.kt","tags":{"FILE_LINE_OF_CODE":"21"}}
{"ts":1715437142714,"action":"FILE_CLOSED","file":"/app/src/main/java/pl/poznan/put/student/reminder/repository/ThreadsModule.kt","tags":{"FILE_LINE_OF_CODE":"21"}}
{"ts":1715437142718,"action":"FILE_OPENED","file":"/app/src/main/java/pl/poznan/put/student/reminder/database/ReminderDao.kt","tags":{"FILE_LINE_OF_CODE":"28"}}
{"ts":1715437144079,"action":"FILE_CLOSED","file":"/app/src/main/java/pl/poznan/put/student/reminder/database/ReminderDao.kt","tags":{"FILE_LINE_OF_CODE":"28"}}
{"ts":1715437144084,"action":"FILE_OPENED","file":"/app/src/main/java/pl/poznan/put/student/reminder/database/DatabaseModule.kt","tags":{"FILE_LINE_OF_CODE":"28"}}
{"ts":1715437145737,"action":"FILE_CLOSED","file":"/app/src/main/java/pl/poznan/put/student/reminder/database/DatabaseModule.kt","tags":{"FILE_LINE_OF_CODE":"28"}}
{"ts":1715437145742,"action":"FILE_OPENED","file":"/app/src/main/java/pl/poznan/put/student/reminder/database/AppDatabase.kt","tags":{"FILE_LINE_OF_CODE":"10"}}
{"ts":1715437147271,"action":"FILE_CLOSED","file":"/app/src/main/java/pl/poznan/put/student/reminder/database/AppDatabase.kt","tags":{"FILE_LINE_OF_CODE":"10"}}
{"ts":1715437147276,"action":"FILE_OPENED","file":"/app/src/main/java/pl/poznan/put/student/reminder/database/entity/ReminderEntity.kt","tags":{"FILE_LINE_OF_CODE":"13"}}
{"ts":1715437149983,"action":"IDE_DEACTIVATED"}
{"ts":1715437152628,"action":"IDE_ACTIVATED"}
{"ts":1715437152961,"action":"IDE_DEACTIVATED"}
{"ts":1715437154541,"action":"IDE_ACTIVATED"}
{"ts":1715437156144,"action":"FILE_CLOSED","file":"/app/src/main/java/pl/poznan/put/student/reminder/database/entity/ReminderEntity.kt","tags":{"FILE_LINE_OF_CODE":"13"}}
{"ts":1715437156144,"action":"FILE_OPENED","file":"/app/build.gradle.kts","tags":{"FILE_LINE_OF_CODE":"57"}}
{"ts":1715437157575,"action":"FILE_CLOSED","file":"/app/build.gradle.kts","tags":{"FILE_LINE_OF_CODE":"57"}}
{"ts":1715437157578,"action":"FILE_OPENED","file":"/app/src/main/java/pl/poznan/put/student/reminder/list/ReminderDto.kt","tags":{"FILE_LINE_OF_CODE":"8"}}
{"ts":1715437161345,"action":"IDE_DEACTIVATED"}
{"ts":1715437162235,"action":"IDE_ACTIVATED"}
{"ts":1715437162547,"action":"IDE_DEACTIVATED"}
{"ts":1715437163826,"action":"IDE_ACTIVATED"}
{"ts":1715437164088,"action":"IDE_DEACTIVATED"}
{"ts":1715437164373,"action":"IDE_ACTIVATED"}
{"ts":1715437164993,"action":"IDE_DEACTIVATED"}
{"ts":1715437165116,"action":"IDE_ACTIVATED"}
{"ts":1715437165487,"action":"IDE_DEACTIVATED"}
{"ts":1715437166936,"action":"IDE_ACTIVATED"}
{"ts":1715437168011,"action":"IDE_DEACTIVATED"}
{"ts":1715437168885,"action":"IDE_ACTIVATED"}
{"ts":1715437169380,"action":"IDE_DEACTIVATED"}
{"ts":1715437169781,"action":"IDE_ACTIVATED"}
{"ts":1715437170669,"action":"IDE_DEACTIVATED"}
{"ts":1715437175770,"action":"IDE_ACTIVATED"}
{"ts":1715437177324,"action":"IDE_DEACTIVATED"}
{"ts":1715437180501,"action":"IDE_ACTIVATED"}
{"ts":1715437180888,"action":"IDE_DEACTIVATED"}
{"ts":1715437205903,"action":"IDE_ACTIVATED"}
{"ts":1715437206753,"action":"IDE_DEACTIVATED"}
{"ts":1715437207170,"action":"IDE_ACTIVATED"}
{"ts":1715437208521,"action":"IDE_DEACTIVATED"}
{"ts":1715437209303,"action":"IDE_ACTIVATED"}
{"ts":1715437210305,"action":"IDE_DEACTIVATED"}
{"ts":1715437211360,"action":"IDE_ACTIVATED"}
{"ts":1715437211538,"action":"IDE_DEACTIVATED"}
{"ts":1715437211824,"action":"IDE_ACTIVATED"}
{"ts":1715437212167,"action":"IDE_DEACTIVATED"}
{"ts":1715437212278,"action":"IDE_ACTIVATED"}
{"ts":1715437212739,"action":"IDE_DEACTIVATED"}
{"ts":1715437215177,"action":"IDE_ACTIVATED"}
{"ts":1715437216259,"action":"IDE_DEACTIVATED"}
{"ts":1715437216514,"action":"IDE_ACTIVATED"}
{"ts":1715437220178,"action":"IDE_DEACTIVATED"}
{"ts":1715437220650,"action":"IDE_ACTIVATED"}
{"ts":1715437220767,"action":"IDE_DEACTIVATED"}
{"ts":1715437233652,"action":"IDE_ACTIVATED"}
{"ts":1715437234582,"action":"IDE_DEACTIVATED"}
{"ts":1715437237854,"action":"IDE_ACTIVATED"}
{"ts":1715437239459,"action":"IDE_DEACTIVATED"}
{"ts":1715437257778,"action":"IDE_ACTIVATED"}
{"ts":1715437259805,"action":"IDE_DEACTIVATED"}
{"ts":1715437260600,"action":"IDE_ACTIVATED"}
{"ts":1715437261600,"action":"IDE_DEACTIVATED"}
{"ts":1715437262272,"action":"IDE_ACTIVATED"}
{"ts":1715437262967,"action":"IDE_DEACTIVATED"}
{"ts":1715437263095,"action":"IDE_ACTIVATED"}
{"ts":1715437264327,"action":"IDE_DEACTIVATED"}
{"ts":1715437265513,"action":"IDE_ACTIVATED"}
{"ts":1715437266031,"action":"IDE_DEACTIVATED"}
{"ts":1715437266507,"action":"IDE_ACTIVATED"}
{"ts":1715437271699,"action":"IDE_DEACTIVATED"}
{"ts":1715437274073,"action":"IDE_ACTIVATED"}
{"ts":1715437274306,"action":"IDE_DEACTIVATED"}
{"ts":1715437276356,"action":"IDE_ACTIVATED"}
{"ts":1715437277979,"action":"IDE_DEACTIVATED"}
{"ts":1715437278251,"action":"IDE_ACTIVATED"}
{"ts":1715437282878,"action":"IDE_DEACTIVATED"}
{"ts":1715437283597,"action":"IDE_ACTIVATED"}
{"ts":1715437304154,"action":"IDE_DEACTIVATED"}
{"ts":1715437304338,"action":"IDE_ACTIVATED"}
{"ts":1715437305388,"action":"IDE_DEACTIVATED"}
{"ts":1715437305442,"action":"IDE_ACTIVATED"}
{"ts":1715437310289,"action":"IDE_DEACTIVATED"}
{"ts":1715437310343,"action":"IDE_ACTIVATED"}
{"ts":1715437320344,"action":"IDE_DEACTIVATED"}
{"ts":1715437320461,"action":"IDE_ACTIVATED"}
{"ts":1715437321296,"action":"IDE_DEACTIVATED"}
{"ts":1715437321374,"action":"IDE_ACTIVATED"}
{"ts":1715437322609,"action":"IDE_DEACTIVATED"}
{"ts":1715437322692,"action":"IDE_ACTIVATED"}
{"ts":1715437323923,"action":"IDE_DEACTIVATED"}
{"ts":1715437324668,"action":"IDE_ACTIVATED"}
{"ts":1715437326869,"action":"FILE_CLOSED","file":"/app/src/main/java/pl/poznan/put/student/reminder/list/ReminderDto.kt","tags":{"FILE_LINE_OF_CODE":"8"}}
{"ts":1715437326870,"action":"FILE_OPENED","file":"/app/src/main/java/pl/poznan/put/student/reminder/repository/ReminderRepository.kt","tags":{"FILE_LINE_OF_CODE":"11"}}
{"ts":1715437330720,"action":"IDE_DEACTIVATED"}
{"ts":1715437330826,"action":"IDE_ACTIVATED"}
{"ts":1715437333675,"action":"IDE_DEACTIVATED"}
{"ts":1715437333762,"action":"IDE_ACTIVATED"}
{"ts":1715437340227,"action":"IDE_DEACTIVATED"}
{"ts":1715437340317,"action":"IDE_ACTIVATED"}
{"ts":1715437341076,"action":"IDE_DEACTIVATED"}
{"ts":1715437341181,"action":"IDE_ACTIVATED"}
{"ts":1715437348733,"action":"IDE_DEACTIVATED"}
{"ts":1715437348864,"action":"IDE_ACTIVATED"}
{"ts":1715437350291,"action":"IDE_DEACTIVATED"}
{"ts":1715437350388,"action":"IDE_ACTIVATED"}
{"ts":1715437351921,"action":"IDE_DEACTIVATED"}
{"ts":1715437352029,"action":"IDE_ACTIVATED"}
{"ts":1715437353452,"action":"IDE_DEACTIVATED"}
{"ts":1715437353545,"action":"IDE_ACTIVATED"}
{"ts":1715437366597,"action":"FILE_CLOSED","file":"/app/src/main/java/pl/poznan/put/student/reminder/repository/ReminderRepository.kt","tags":{"FILE_LINE_OF_CODE":"20"}}
{"ts":1715437366597,"action":"FILE_OPENED","file":"/app/src/main/java/pl/poznan/put/student/reminder/database/ReminderDao.kt","tags":{"FILE_LINE_OF_CODE":"28"}}
{"ts":1715437367541,"action":"FILE_CLOSED","file":"/app/src/main/java/pl/poznan/put/student/reminder/database/ReminderDao.kt","tags":{"FILE_LINE_OF_CODE":"28"}}
{"ts":1715437367541,"action":"FILE_OPENED","file":"/app/src/main/java/pl/poznan/put/student/reminder/repository/ReminderRepository.kt","tags":{"FILE_LINE_OF_CODE":"20"}}
{"ts":1715437368084,"action":"FILE_CLOSED","file":"/app/src/main/java/pl/poznan/put/student/reminder/repository/ReminderRepository.kt","tags":{"FILE_LINE_OF_CODE":"20"}}
{"ts":1715437368084,"action":"FILE_OPENED","file":"/app/src/main/java/pl/poznan/put/student/reminder/database/ReminderDao.kt","tags":{"FILE_LINE_OF_CODE":"28"}}
{"ts":1715437369289,"action":"FILE_CLOSED","file":"/app/src/main/java/pl/poznan/put/student/reminder/database/ReminderDao.kt","tags":{"FILE_LINE_OF_CODE":"28"}}
{"ts":1715437369289,"action":"FILE_OPENED","file":"/app/src/main/java/pl/poznan/put/student/reminder/repository/ReminderRepository.kt","tags":{"FILE_LINE_OF_CODE":"20"}}
{"ts":1715437371622,"action":"FILE_CLOSED","file":"/app/src/main/java/pl/poznan/put/student/reminder/repository/ReminderRepository.kt","tags":{"FILE_LINE_OF_CODE":"20"}}
{"ts":1715437371622,"action":"FILE_OPENED","file":"/app/src/main/java/pl/poznan/put/student/reminder/database/ReminderDao.kt","tags":{"FILE_LINE_OF_CODE":"28"}}
{"ts":1715437378526,"action":"FILE_CLOSED","file":"/app/src/main/java/pl/poznan/put/student/reminder/database/ReminderDao.kt","tags":{"FILE_LINE_OF_CODE":"28"}}
{"ts":1715437378526,"action":"FILE_OPENED","file":"/app/src/main/java/pl/poznan/put/student/reminder/repository/ReminderRepository.kt","tags":{"FILE_LINE_OF_CODE":"20"}}
{"ts":1715437385988,"action":"IDE_DEACTIVATED"}
{"ts":1715437388425,"action":"IDE_ACTIVATED"}
{"ts":1715437391658,"action":"IDE_DEACTIVATED"}
{"ts":1715437397020,"action":"IDE_ACTIVATED"}
{"ts":1715437410307,"action":"FILE_CLOSED","file":"/app/src/main/java/pl/poznan/put/student/reminder/repository/ReminderRepository.kt","tags":{"FILE_LINE_OF_CODE":"23"}}
{"ts":1715437410307,"action":"FILE_OPENED","file":"/app/src/main/java/pl/poznan/put/student/reminder/database/ReminderDao.kt","tags":{"FILE_LINE_OF_CODE":"28"}}
{"ts":1715437418750,"action":"FILE_CLOSED","file":"/app/src/main/java/pl/poznan/put/student/reminder/database/ReminderDao.kt","tags":{"FILE_LINE_OF_CODE":"28"}}
{"ts":1715437418750,"action":"FILE_OPENED","file":"/app/src/main/java/pl/poznan/put/student/reminder/repository/ReminderRepository.kt","tags":{"FILE_LINE_OF_CODE":"23"}}
{"ts":1715437427826,"action":"IDE_DEACTIVATED"}
{"ts":1715437428380,"action":"IDE_ACTIVATED"}
{"ts":1715437431743,"action":"IDE_DEACTIVATED"}
{"ts":1715437431905,"action":"IDE_ACTIVATED"}
{"ts":1715437445591,"action":"FILE_CLOSED","file":"/app/src/main/java/pl/poznan/put/student/reminder/repository/ReminderRepository.kt","tags":{"FILE_LINE_OF_CODE":"24"}}
{"ts":1715437445591,"action":"FILE_OPENED","file":"/app/src/main/java/pl/poznan/put/student/reminder/database/ReminderDao.kt","tags":{"FILE_LINE_OF_CODE":"28"}}
{"ts":1715437447446,"action":"FILE_CLOSED","file":"/app/src/main/java/pl/poznan/put/student/reminder/database/ReminderDao.kt","tags":{"FILE_LINE_OF_CODE":"26"}}
{"ts":1715437447447,"action":"FILE_OPENED","file":"/app/src/main/java/pl/poznan/put/student/reminder/repository/ReminderRepository.kt","tags":{"FILE_LINE_OF_CODE":"24"}}
{"ts":1715437462819,"action":"FILE_CLOSED","file":"/app/src/main/java/pl/poznan/put/student/reminder/repository/ReminderRepository.kt","tags":{"FILE_LINE_OF_CODE":"28"}}
{"ts":1715437462819,"action":"FILE_OPENED","file":"/app/src/main/java/pl/poznan/put/student/reminder/database/ReminderDao.kt","tags":{"FILE_LINE_OF_CODE":"26"}}
{"ts":1715437592692,"action":"FILE_CLOSED","file":"/app/src/main/java/pl/poznan/put/student/reminder/database/ReminderDao.kt","tags":{"FILE_LINE_OF_CODE":"27"}}
{"ts":1715437592692,"action":"FILE_OPENED","file":"/app/src/main/java/pl/poznan/put/student/reminder/repository/ReminderRepository.kt","tags":{"FILE_LINE_OF_CODE":"28"}}
{"ts":1715437611830,"action":"IDE_DEACTIVATED"}
{"ts":1715437612684,"action":"IDE_ACTIVATED"}
{"ts":1715437615829,"action":"IDE_DEACTIVATED"}
{"ts":1715437615927,"action":"IDE_ACTIVATED"}
{"ts":1715437617056,"action":"IDE_DEACTIVATED"}
{"ts":1715437617145,"action":"IDE_ACTIVATED"}
{"ts":1715437618720,"action":"IDE_DEACTIVATED"}
{"ts":1715437618819,"action":"IDE_ACTIVATED"}
{"ts":1715437619472,"action":"IDE_DEACTIVATED"}
{"ts":1715437619578,"action":"IDE_ACTIVATED"}
{"ts":1715437620508,"action":"IDE_DEACTIVATED"}
{"ts":1715437620602,"action":"IDE_ACTIVATED"}
{"ts":1715437623265,"action":"IDE_DEACTIVATED"}
{"ts":1715437623374,"action":"IDE_ACTIVATED"}
{"ts":1715437626965,"action":"IDE_DEACTIVATED"}
{"ts":1715437627076,"action":"IDE_ACTIVATED"}
{"ts":1715437627353,"action":"IDE_DEACTIVATED"}
{"ts":1715437649634,"action":"IDE_ACTIVATED"}
{"ts":1715437651741,"action":"IDE_DEACTIVATED"}
{"ts":1715437652395,"action":"IDE_ACTIVATED"}
{"ts":1715437662811,"action":"IDE_DEACTIVATED"}
{"ts":1715437663703,"action":"IDE_ACTIVATED"}
{"ts":1715437669283,"action":"IDE_DEACTIVATED"}
{"ts":1715437669370,"action":"IDE_ACTIVATED"}
{"ts":1715437681503,"action":"IDE_DEACTIVATED"}
{"ts":1715437681590,"action":"IDE_ACTIVATED"}
{"ts":1715437682492,"action":"IDE_DEACTIVATED"}
{"ts":1715437682581,"action":"IDE_ACTIVATED"}
{"ts":1715437688215,"action":"IDE_DEACTIVATED"}
{"ts":1715437688326,"action":"IDE_ACTIVATED"}
{"ts":1715437688883,"action":"IDE_DEACTIVATED"}
{"ts":1715437688977,"action":"IDE_ACTIVATED"}
{"ts":1715437693411,"action":"FILE_CLOSED","file":"/app/src/main/java/pl/poznan/put/student/reminder/repository/ReminderRepository.kt","tags":{"FILE_LINE_OF_CODE":"43"}}
{"ts":1715437693411,"action":"FILE_OPENED","file":"/app/src/main/java/pl/poznan/put/student/reminder/viewmodel/TrailViewModel.kt","tags":{"FILE_LINE_OF_CODE":"4"}}
{"ts":1715437693920,"action":"IDE_DEACTIVATED"}
{"ts":1715437694069,"action":"IDE_ACTIVATED"}
{"ts":1715437694932,"action":"IDE_DEACTIVATED"}
{"ts":1715437695093,"action":"IDE_ACTIVATED"}
{"ts":1715437698320,"action":"IDE_DEACTIVATED"}
{"ts":1715437698430,"action":"IDE_ACTIVATED"}
{"ts":1715437707373,"action":"IDE_DEACTIVATED"}
{"ts":1715437707687,"action":"IDE_ACTIVATED"}
{"ts":1715437708085,"action":"IDE_DEACTIVATED"}
{"ts":1715437718900,"action":"IDE_ACTIVATED"}
{"ts":1715437721146,"action":"IDE_DEACTIVATED"}
{"ts":1715437722884,"action":"IDE_ACTIVATED"}
{"ts":1715437725458,"action":"IDE_DEACTIVATED"}
{"ts":1715437725600,"action":"IDE_ACTIVATED"}
{"ts":1715437726343,"action":"IDE_DEACTIVATED"}
{"ts":1715437726427,"action":"IDE_ACTIVATED"}
{"ts":1715437727383,"action":"IDE_DEACTIVATED"}
{"ts":1715437729026,"action":"IDE_ACTIVATED"}
{"ts":1715437756152,"action":"IDE_DEACTIVATED"}
{"ts":1715437767068,"action":"IDE_ACTIVATED"}
{"ts":1715437770936,"action":"IDE_DEACTIVATED"}
{"ts":1715437772560,"action":"IDE_ACTIVATED"}
{"ts":1715437784010,"action":"FILE_CLOSED","file":"/app/src/main/java/pl/poznan/put/student/reminder/viewmodel/TrailViewModel.kt","tags":{"FILE_LINE_OF_CODE":"113"}}
{"ts":1715437784010,"action":"FILE_OPENED","file":"/app/src/main/java/pl/poznan/put/student/reminder/repository/ReminderRepository.kt","tags":{"FILE_LINE_OF_CODE":"43"}}
{"ts":1715437786556,"action":"IDE_DEACTIVATED"}
{"ts":1715437787115,"action":"IDE_ACTIVATED"}
{"ts":1715437799495,"action":"IDE_DEACTIVATED"}
{"ts":1715437799579,"action":"IDE_ACTIVATED"}
{"ts":1715437801114,"action":"IDE_DEACTIVATED"}
{"ts":1715437854873,"action":"IDE_ACTIVATED"}
{"ts":1715437872044,"action":"IDE_DEACTIVATED"}
{"ts":1715437872098,"action":"IDE_ACTIVATED"}
{"ts":1715437872943,"action":"IDE_DEACTIVATED"}
{"ts":1715437873025,"action":"IDE_ACTIVATED"}
{"ts":1715437875549,"action":"FILE_CLOSED","file":"/app/src/main/java/pl/poznan/put/student/reminder/repository/ReminderRepository.kt","tags":{"FILE_LINE_OF_CODE":"43"}}
{"ts":1715437875549,"action":"FILE_OPENED","file":"/app/src/main/java/pl/poznan/put/student/reminder/viewmodel/TrailViewModel.kt","tags":{"FILE_LINE_OF_CODE":"113"}}
{"ts":1715437969199,"action":"IDE_DEACTIVATED"}
{"ts":1715437969307,"action":"IDE_ACTIVATED"}
{"ts":1715437969691,"action":"IDE_DEACTIVATED"}
{"ts":1715437977728,"action":"IDE_ACTIVATED"}
{"ts":1715437987755,"action":"IDE_DEACTIVATED"}
{"ts":1715437988520,"action":"IDE_ACTIVATED"}
{"ts":1715437989785,"action":"IDE_DEACTIVATED"}
{"ts":1715437990127,"action":"IDE_ACTIVATED"}
{"ts":1715437994567,"action":"IDE_DEACTIVATED"}
{"ts":1715437994576,"action":"IDE_ACTIVATED"}
{"ts":1715438020383,"action":"IDE_DEACTIVATED"}
{"ts":1715438020485,"action":"IDE_ACTIVATED"}
{"ts":1715438023175,"action":"IDE_DEACTIVATED"}
{"ts":1715438023274,"action":"IDE_ACTIVATED"}
{"ts":1715438034782,"action":"FILE_CLOSED","file":"/app/src/main/java/pl/poznan/put/student/reminder/viewmodel/TrailViewModel.kt","tags":{"FILE_LINE_OF_CODE":"75"}}
{"ts":1715438034782,"action":"FILE_OPENED","file":"/app/src/main/java/pl/poznan/put/student/reminder/repository/ReminderRepository.kt","tags":{"FILE_LINE_OF_CODE":"43"}}
{"ts":1715438041211,"action":"FILE_CLOSED","file":"/app/src/main/java/pl/poznan/put/student/reminder/repository/ReminderRepository.kt","tags":{"FILE_LINE_OF_CODE":"43"}}
{"ts":1715438041211,"action":"FILE_OPENED","file":"/app/src/main/java/pl/poznan/put/student/reminder/viewmodel/TrailViewModel.kt","tags":{"FILE_LINE_OF_CODE":"75"}}
{"ts":1715438043523,"action":"FILE_CLOSED","file":"/app/src/main/java/pl/poznan/put/student/reminder/viewmodel/TrailViewModel.kt","tags":{"FILE_LINE_OF_CODE":"75"}}
{"ts":1715438043523,"action":"FILE_OPENED","file":"/app/src/main/java/pl/poznan/put/student/reminder/list/ReminderDto.kt","tags":{"FILE_LINE_OF_CODE":"8"}}
{"ts":1715438043989,"action":"FILE_CLOSED","file":"/app/src/main/java/pl/poznan/put/student/reminder/list/ReminderDto.kt","tags":{"FILE_LINE_OF_CODE":"8"}}
{"ts":1715438043989,"action":"FILE_OPENED","file":"/app/src/main/java/pl/poznan/put/student/reminder/database/entity/ReminderEntity.kt","tags":{"FILE_LINE_OF_CODE":"13"}}
{"ts":1715438050486,"action":"FILE_CLOSED","file":"/app/src/main/java/pl/poznan/put/student/reminder/database/entity/ReminderEntity.kt","tags":{"FILE_LINE_OF_CODE":"13"}}
{"ts":1715438050486,"action":"FILE_OPENED","file":"/app/src/main/java/pl/poznan/put/student/reminder/database/ReminderDao.kt","tags":{"FILE_LINE_OF_CODE":"27"}}
{"ts":1715438072332,"action":"FILE_CLOSED","file":"/app/src/main/java/pl/poznan/put/student/reminder/database/ReminderDao.kt","tags":{"FILE_LINE_OF_CODE":"31"}}
{"ts":1715438072332,"action":"FILE_OPENED","file":"/app/src/main/java/pl/poznan/put/student/reminder/list/ReminderDto.kt","tags":{"FILE_LINE_OF_CODE":"8"}}
{"ts":1715438072862,"action":"FILE_CLOSED","file":"/app/src/main/java/pl/poznan/put/student/reminder/list/ReminderDto.kt","tags":{"FILE_LINE_OF_CODE":"8"}}
{"ts":1715438072862,"action":"FILE_OPENED","file":"/app/src/main/java/pl/poznan/put/student/reminder/repository/ReminderRepository.kt","tags":{"FILE_LINE_OF_CODE":"43"}}
{"ts":1715438079189,"action":"FILE_CLOSED","file":"/app/src/main/java/pl/poznan/put/student/reminder/repository/ReminderRepository.kt","tags":{"FILE_LINE_OF_CODE":"53"}}
{"ts":1715438079190,"action":"FILE_OPENED","file":"/app/src/main/java/pl/poznan/put/student/reminder/viewmodel/TrailViewModel.kt","tags":{"FILE_LINE_OF_CODE":"75"}}
{"ts":1715438089847,"action":"IDE_DEACTIVATED"}
{"ts":1715438106493,"action":"IDE_ACTIVATED"}
{"ts":1715438108709,"action":"IDE_DEACTIVATED"}
{"ts":1715438108804,"action":"IDE_ACTIVATED"}
{"ts":1715438135242,"action":"IDE_DEACTIVATED"}
{"ts":1715438135318,"action":"IDE_ACTIVATED"}
{"ts":1715438136105,"action":"IDE_DEACTIVATED"}
{"ts":1715438136245,"action":"IDE_ACTIVATED"}
{"ts":1715438149575,"action":"IDE_DEACTIVATED"}
{"ts":1715438149678,"action":"IDE_ACTIVATED"}
{"ts":1715438158027,"action":"IDE_DEACTIVATED"}
{"ts":1715438158151,"action":"IDE_ACTIVATED"}
{"ts":1715438168596,"action":"IDE_DEACTIVATED"}
{"ts":1715438168707,"action":"IDE_ACTIVATED"}
{"ts":1715438205770,"action":"IDE_DEACTIVATED"}
{"ts":1715438281571,"action":"IDE_ACTIVATED"}
{"ts":1715438282706,"action":"IDE_DEACTIVATED"}
{"ts":1715438282800,"action":"IDE_ACTIVATED"}
{"ts":1715438286515,"action":"IDE_DEACTIVATED"}
{"ts":1715438286614,"action":"IDE_ACTIVATED"}
{"ts":1715438295883,"action":"IDE_DEACTIVATED"}
{"ts":1715438295991,"action":"IDE_ACTIVATED"}
{"ts":1715438296189,"action":"IDE_DEACTIVATED"}
{"ts":1715438306893,"action":"IDE_ACTIVATED"}
{"ts":1715438307137,"action":"IDE_DEACTIVATED"}
{"ts":1715438315023,"action":"IDE_ACTIVATED"}
{"ts":1715438316210,"action":"IDE_DEACTIVATED"}
{"ts":1715438317031,"action":"IDE_ACTIVATED"}
{"ts":1715438318227,"action":"IDE_DEACTIVATED"}
{"ts":1715438318463,"action":"IDE_ACTIVATED"}
{"ts":1715438324499,"action":"IDE_DEACTIVATED"}
{"ts":1715438330554,"action":"IDE_ACTIVATED"}
{"ts":1715438349384,"action":"IDE_DEACTIVATED"}
{"ts":1715438361916,"action":"IDE_ACTIVATED"}
{"ts":1715438369448,"action":"IDE_DEACTIVATED"}
{"ts":1715438370562,"action":"IDE_ACTIVATED"}
{"ts":1715438373798,"action":"FILE_CLOSED","file":"/app/src/main/java/pl/poznan/put/student/reminder/viewmodel/ReminderViewModel.kt","tags":{"FILE_LINE_OF_CODE":"89"}}
{"ts":1715438373798,"action":"FILE_OPENED","file":"/app/src/main/java/pl/poznan/put/student/reminder/repository/ReminderRepository.kt","tags":{"FILE_LINE_OF_CODE":"53"}}
{"ts":1715438375177,"action":"IDE_DEACTIVATED"}
{"ts":1715438382490,"action":"IDE_ACTIVATED"}
{"ts":1715438384182,"action":"IDE_DEACTIVATED"}
{"ts":1715438385810,"action":"IDE_ACTIVATED"}
{"ts":1715438387068,"action":"FILE_CLOSED","file":"/app/src/main/java/pl/poznan/put/student/reminder/repository/ReminderRepository.kt","tags":{"FILE_LINE_OF_CODE":"53"}}
{"ts":1715438387068,"action":"FILE_OPENED","file":"/app/src/main/java/pl/poznan/put/student/reminder/database/ReminderDao.kt","tags":{"FILE_LINE_OF_CODE":"31"}}
{"ts":1715438388843,"action":"FILE_CLOSED","file":"/app/src/main/java/pl/poznan/put/student/reminder/database/ReminderDao.kt","tags":{"FILE_LINE_OF_CODE":"31"}}
{"ts":1715438388848,"action":"FILE_OPENED","file":"/app/src/main/java/pl/poznan/put/student/reminder/database/entity/ReminderEntity.kt","tags":{"FILE_LINE_OF_CODE":"13"}}
{"ts":1715438389219,"action":"FILE_CLOSED","file":"/app/src/main/java/pl/poznan/put/student/reminder/database/entity/ReminderEntity.kt","tags":{"FILE_LINE_OF_CODE":"13"}}
{"ts":1715438389219,"action":"FILE_OPENED","file":"/app/src/main/java/pl/poznan/put/student/reminder/list/ReminderDto.kt","tags":{"FILE_LINE_OF_CODE":"8"}}
{"ts":1715438390256,"action":"FILE_CLOSED","file":"/app/src/main/java/pl/poznan/put/student/reminder/list/ReminderDto.kt","tags":{"FILE_LINE_OF_CODE":"8"}}
{"ts":1715438390261,"action":"FILE_OPENED","file":"/app/src/main/java/pl/poznan/put/student/reminder/database/entity/ReminderEntity.kt","tags":{"FILE_LINE_OF_CODE":"13"}}
{"ts":1715438390509,"action":"IDE_DEACTIVATED"}
{"ts":1715438405720,"action":"IDE_ACTIVATED"}
{"ts":1715438418762,"action":"IDE_DEACTIVATED"}
{"ts":1715438421862,"action":"IDE_ACTIVATED"}
{"ts":1715438422708,"action":"IDE_DEACTIVATED"}
{"ts":1715438422793,"action":"IDE_ACTIVATED"}
{"ts":1715438424221,"action":"FILE_CLOSED","file":"/app/src/main/java/pl/poznan/put/student/reminder/database/entity/ReminderEntity.kt","tags":{"FILE_LINE_OF_CODE":"13"}}
{"ts":1715438424221,"action":"FILE_OPENED","file":"/app/src/main/java/pl/poznan/put/student/reminder/FirstFragment.kt","tags":{"FILE_LINE_OF_CODE":"44"}}
{"ts":1715438427632,"action":"FILE_OPENED","file":"/app/src/main/java/pl/poznan/put/student/reminder/database/entity/ReminderEntity.kt","tags":{"FILE_LINE_OF_CODE":"13"}}
{"ts":1715438427672,"action":"FILE_CLOSED","file":"/app/src/main/java/pl/poznan/put/student/reminder/database/entity/ReminderEntity.kt","tags":{"FILE_LINE_OF_CODE":"13"}}
{"ts":1715438427672,"action":"FILE_OPENED","file":"/app/src/main/java/pl/poznan/put/student/reminder/SecondFragment.kt","tags":{"FILE_LINE_OF_CODE":"44"}}
{"ts":1715438429450,"action":"IDE_DEACTIVATED"}
{"ts":1715438429589,"action":"IDE_ACTIVATED"}
{"ts":1715438429928,"action":"IDE_DEACTIVATED"}
{"ts":1715438431569,"action":"IDE_ACTIVATED"}
{"ts":1715438431785,"action":"IDE_DEACTIVATED"}
{"ts":1715438432392,"action":"IDE_ACTIVATED"}
{"ts":1715438435845,"action":"IDE_DEACTIVATED"}
{"ts":1715438435952,"action":"IDE_ACTIVATED"}
{"ts":1715438442205,"action":"IDE_DEACTIVATED"}
{"ts":1715438442309,"action":"IDE_ACTIVATED"}
{"ts":1715438443101,"action":"IDE_DEACTIVATED"}
{"ts":1715438443192,"action":"IDE_ACTIVATED"}
{"ts":1715438444918,"action":"FILE_OPENED","file":"/app/src/main/java/pl/poznan/put/student/reminder/database/entity/ReminderEntity.kt","tags":{"FILE_LINE_OF_CODE":"13"}}
{"ts":1715438444968,"action":"FILE_CLOSED","file":"/app/src/main/java/pl/poznan/put/student/reminder/database/entity/ReminderEntity.kt","tags":{"FILE_LINE_OF_CODE":"13"}}
{"ts":1715438444968,"action":"FILE_OPENED","file":"/app/src/main/java/pl/poznan/put/student/reminder/ui/Theme/Color.java","tags":{"FILE_LINE_OF_CODE":"5"}}
{"ts":1715438445715,"action":"IDE_DEACTIVATED"}
{"ts":1715438445804,"action":"IDE_ACTIVATED"}
{"ts":1715438448176,"action":"IDE_DEACTIVATED"}
{"ts":1715438448284,"action":"IDE_ACTIVATED"}
{"ts":1715438449028,"action":"IDE_DEACTIVATED"}
{"ts":1715438449128,"action":"IDE_ACTIVATED"}
{"ts":1715438451229,"action":"IDE_DEACTIVATED"}
{"ts":1715438451303,"action":"IDE_ACTIVATED"}
{"ts":1715438481477,"action":"IDE_DEACTIVATED"}
{"ts":1715438481609,"action":"IDE_ACTIVATED"}
{"ts":1715438484091,"action":"IDE_DEACTIVATED"}
{"ts":1715438484201,"action":"IDE_ACTIVATED"}
{"ts":1715438488949,"action":"IDE_DEACTIVATED"}
{"ts":1715438489041,"action":"IDE_ACTIVATED"}
{"ts":1715438489629,"action":"IDE_DEACTIVATED"}
{"ts":1715438489724,"action":"IDE_ACTIVATED"}
{"ts":1715438490569,"action":"IDE_DEACTIVATED"}
{"ts":1715438490678,"action":"IDE_ACTIVATED"}
{"ts":1715438491542,"action":"IDE_DEACTIVATED"}
{"ts":1715438491661,"action":"IDE_ACTIVATED"}
{"ts":1715438495491,"action":"FILE_CLOSED","file":"/app/src/main/java/pl/poznan/put/student/reminder/ui/Theme/Color.java","tags":{"FILE_LINE_OF_CODE":"5"}}
{"ts":1715438495491,"action":"FILE_OPENED","file":"/app/src/main/java/pl/poznan/put/student/reminder/ui/Theme/Theme.kt","tags":{"FILE_LINE_OF_CODE":"4"}}
{"ts":1715438498099,"action":"IDE_DEACTIVATED"}
{"ts":1715438498194,"action":"IDE_ACTIVATED"}
{"ts":1715438498982,"action":"IDE_DEACTIVATED"}
{"ts":1715438529951,"action":"IDE_ACTIVATED"}
{"ts":1715438531867,"action":"IDE_DEACTIVATED"}
{"ts":1715438532559,"action":"IDE_ACTIVATED"}
{"ts":1715438532788,"action":"IDE_DEACTIVATED"}
{"ts":1715438533049,"action":"IDE_ACTIVATED"}
{"ts":1715438536759,"action":"FILE_CLOSED","file":"/app/src/main/java/pl/poznan/put/student/reminder/ui/Theme/Theme.kt","tags":{"FILE_LINE_OF_CODE":"3"}}
{"ts":1715438536759,"action":"FILE_OPENED","file":"/app/src/main/java/pl/poznan/put/student/reminder/ui/Theme/Color.java","tags":{"FILE_LINE_OF_CODE":"5"}}
{"ts":1715438538551,"action":"IDE_DEACTIVATED"}
{"ts":1715438538647,"action":"IDE_ACTIVATED"}
{"ts":1715438545621,"action":"IDE_DEACTIVATED"}
{"ts":1715438545718,"action":"IDE_ACTIVATED"}
{"ts":1715438547324,"action":"IDE_DEACTIVATED"}
{"ts":1715438547416,"action":"IDE_ACTIVATED"}
{"ts":1715438549100,"action":"IDE_DEACTIVATED"}
{"ts":1715438549208,"action":"IDE_ACTIVATED"}
{"ts":1715438556207,"action":"FILE_OPENED","file":"/app/src/main/java/pl/poznan/put/student/reminder/database/entity/ReminderEntity.kt","tags":{"FILE_LINE_OF_CODE":"13"}}
{"ts":1715438556220,"action":"FILE_CLOSED","file":"/app/src/main/java/pl/poznan/put/student/reminder/database/entity/ReminderEntity.kt","tags":{"FILE_LINE_OF_CODE":"13"}}
{"ts":1715438556220,"action":"FILE_OPENED","file":"/app/src/main/java/pl/poznan/put/student/reminder/ui/Theme/Color.kt","tags":{"FILE_LINE_OF_CODE":"11"}}
{"ts":1715438561629,"action":"FILE_CLOSED","file":"/app/src/main/java/pl/poznan/put/student/reminder/ui/Theme/Color.kt","tags":{"FILE_LINE_OF_CODE":"11"}}
{"ts":1715438561629,"action":"FILE_OPENED","file":"/app/src/main/java/pl/poznan/put/student/reminder/ui/Theme/Theme.kt","tags":{"FILE_LINE_OF_CODE":"71"}}
{"ts":1715438562526,"action":"IDE_DEACTIVATED"}
{"ts":1715438562723,"action":"IDE_ACTIVATED"}
{"ts":1715438563091,"action":"IDE_DEACTIVATED"}
{"ts":1715438572668,"action":"IDE_ACTIVATED"}
{"ts":1715438587557,"action":"IDE_DEACTIVATED"}
{"ts":1715438613450,"action":"IDE_ACTIVATED"}
{"ts":1715438615056,"action":"IDE_DEACTIVATED"}
{"ts":1715438617376,"action":"IDE_ACTIVATED"}
{"ts":1715438619688,"action":"IDE_DEACTIVATED"}
{"ts":1715438620504,"action":"IDE_ACTIVATED"}
{"ts":1715438622323,"action":"FILE_CLOSED","file":"/app/src/main/java/pl/poznan/put/student/reminder/ui/Theme/Theme.kt","tags":{"FILE_LINE_OF_CODE":"71"}}
{"ts":1715438622323,"action":"FILE_OPENED","file":"/app/src/main/java/pl/poznan/put/student/reminder/ui/Theme/Color.kt","tags":{"FILE_LINE_OF_CODE":"11"}}
{"ts":1715438623332,"action":"FILE_CLOSED","file":"/app/src/main/java/pl/poznan/put/student/reminder/ui/Theme/Color.kt","tags":{"FILE_LINE_OF_CODE":"11"}}
{"ts":1715438623332,"action":"FILE_OPENED","file":"/app/src/main/java/pl/poznan/put/student/reminder/ui/Theme/Theme.kt","tags":{"FILE_LINE_OF_CODE":"71"}}
{"ts":1715438636410,"action":"IDE_DEACTIVATED"}
{"ts":1715438637398,"action":"IDE_ACTIVATED"}
{"ts":1715438637690,"action":"IDE_DEACTIVATED"}
{"ts":1715438648951,"action":"IDE_ACTIVATED"}
{"ts":1715438653848,"action":"IDE_DEACTIVATED"}
{"ts":1715438654843,"action":"IDE_ACTIVATED"}
{"ts":1715438655607,"action":"IDE_DEACTIVATED"}
{"ts":1715438663671,"action":"IDE_ACTIVATED"}
{"ts":1715438670908,"action":"IDE_DEACTIVATED"}
{"ts":1715438671191,"action":"IDE_ACTIVATED"}
{"ts":1715438671894,"action":"IDE_DEACTIVATED"}
{"ts":1715438672657,"action":"IDE_ACTIVATED"}
{"ts":1715438674191,"action":"IDE_DEACTIVATED"}
{"ts":1715438675097,"action":"IDE_ACTIVATED"}
{"ts":1715438688781,"action":"FILE_CLOSED","file":"/app/src/main/java/pl/poznan/put/student/reminder/ui/Theme/Theme.kt","tags":{"FILE_LINE_OF_CODE":"72"}}
{"ts":1715438688781,"action":"FILE_OPENED","file":"/app/src/main/java/pl/poznan/put/student/reminder/ui/Theme/Color.kt","tags":{"FILE_LINE_OF_CODE":"11"}}
{"ts":1715438690628,"action":"FILE_CLOSED","file":"/app/src/main/java/pl/poznan/put/student/reminder/ui/Theme/Color.kt","tags":{"FILE_LINE_OF_CODE":"11"}}
{"ts":1715438690628,"action":"FILE_OPENED","file":"/app/src/main/java/pl/poznan/put/student/reminder/ui/Theme/Type.kt","tags":{"FILE_LINE_OF_CODE":"34"}}
{"ts":1715438695337,"action":"IDE_DEACTIVATED"}
{"ts":1715438695423,"action":"IDE_ACTIVATED"}
{"ts":1715438704992,"action":"IDE_DEACTIVATED"}
{"ts":1715438708801,"action":"IDE_ACTIVATED"}
{"ts":1715438710296,"action":"IDE_DEACTIVATED"}
{"ts":1715438741510,"action":"IDE_ACTIVATED"}
{"ts":1715438747707,"action":"IDE_DEACTIVATED"}
{"ts":1715438748553,"action":"IDE_ACTIVATED"}
{"ts":1715438755033,"action":"IDE_DEACTIVATED"}
{"ts":1715438755899,"action":"IDE_ACTIVATED"}
{"ts":1715438756687,"action":"IDE_DEACTIVATED"}
{"ts":1715438756934,"action":"IDE_ACTIVATED"}
{"ts":1715438758822,"action":"FILE_CLOSED","file":"/app/src/main/java/pl/poznan/put/student/reminder/ui/Theme/Type.kt","tags":{"FILE_LINE_OF_CODE":"34"}}
{"ts":1715438758822,"action":"FILE_OPENED","file":"/app/src/main/java/pl/poznan/put/student/reminder/navigation/Screen.kt","tags":{"FILE_LINE_OF_CODE":"4"}}
{"ts":1715438760779,"action":"IDE_DEACTIVATED"}
{"ts":1715438760882,"action":"IDE_ACTIVATED"}
{"ts":1715438761286,"action":"IDE_DEACTIVATED"}
{"ts":1715438767828,"action":"IDE_ACTIVATED"}
{"ts":1715438768184,"action":"IDE_DEACTIVATED"}
{"ts":1715438778656,"action":"IDE_ACTIVATED"}
{"ts":1715438782537,"action":"IDE_DEACTIVATED"}
{"ts":1715438791921,"action":"IDE_ACTIVATED"}
{"ts":1715438796763,"action":"IDE_DEACTIVATED"}
{"ts":1715438797991,"action":"IDE_ACTIVATED"}
{"ts":1715438815656,"action":"IDE_DEACTIVATED"}
{"ts":1715438859251,"action":"IDE_ACTIVATED"}
{"ts":1715438873255,"action":"IDE_DEACTIVATED"}
{"ts":1715438880707,"action":"IDE_ACTIVATED"}
{"ts":1715438913242,"action":"IDE_DEACTIVATED"}
{"ts":1715438913350,"action":"IDE_ACTIVATED"}
{"ts":1715438914339,"action":"IDE_DEACTIVATED"}
{"ts":1715438914460,"action":"IDE_ACTIVATED"}
{"ts":1715438944687,"action":"IDE_DEACTIVATED"}
{"ts":1715438944814,"action":"IDE_ACTIVATED"}
{"ts":1715438945776,"action":"IDE_DEACTIVATED"}
{"ts":1715438985036,"action":"IDE_ACTIVATED"}
{"ts":1715439008995,"action":"IDE_DEACTIVATED"}
{"ts":1715439009087,"action":"IDE_ACTIVATED"}
{"ts":1715439009704,"action":"IDE_DEACTIVATED"}
{"ts":1715439010329,"action":"IDE_ACTIVATED"}
{"ts":1715439017162,"action":"FILE_CLOSED","file":"/app/src/main/java/pl/poznan/put/student/reminder/navigation/Screen.kt","tags":{"FILE_LINE_OF_CODE":"10"}}
{"ts":1715439017162,"action":"FILE_OPENED","file":"/app/src/main/java/pl/poznan/put/student/reminder/navigation/Navigation.kt","tags":{"FILE_LINE_OF_CODE":"4"}}
{"ts":1715439060113,"action":"FILE_CLOSED","file":"/app/src/main/java/pl/poznan/put/student/reminder/navigation/Navigation.kt","tags":{"FILE_LINE_OF_CODE":"58"}}
{"ts":1715439060113,"action":"FILE_OPENED","file":"/app/src/main/java/pl/poznan/put/student/reminder/navigation/Screen.kt","tags":{"FILE_LINE_OF_CODE":"10"}}
{"ts":1715439061181,"action":"FILE_CLOSED","file":"/app/src/main/java/pl/poznan/put/student/reminder/navigation/Screen.kt","tags":{"FILE_LINE_OF_CODE":"10"}}
{"ts":1715439061181,"action":"FILE_OPENED","file":"/app/src/main/java/pl/poznan/put/student/reminder/navigation/Navigation.kt","tags":{"FILE_LINE_OF_CODE":"58"}}
{"ts":1715439070427,"action":"IDE_DEACTIVATED"}
{"ts":1715439070547,"action":"IDE_ACTIVATED"}
{"ts":1715439071490,"action":"IDE_DEACTIVATED"}
{"ts":1715439329556,"action":"IDE_ACTIVATED"}
{"ts":1715439385980,"action":"IDE_DEACTIVATED"}
{"ts":1715439707437,"action":"IDE_ACTIVATED"}
